"../../../Engine/Content/Functions/Engine_MaterialFunctions01/Opacity/CameraDepthFade.uasset" 0
"../../../Engine/Content/Functions/Engine_MaterialFunctions01/Opacity/CameraDepthFade.uexp" 1
"../../../Engine/Content/EngineMaterials/T_Default_Material_Grid_N.uasset" 2
"../../../Engine/Content/EngineMaterials/T_Default_Material_Grid_N.uexp" 3
"../../../Engine/Content/EngineMaterials/T_Default_Material_Grid_N.ubulk" 4
"../../../Engine/Content/EngineMaterials/T_Default_Material_Grid_M.uasset" 5
"../../../Engine/Content/EngineMaterials/T_Default_Material_Grid_M.uexp" 6
"../../../Engine/Content/EngineMaterials/T_Default_Material_Grid_M.ubulk" 7
"../../../Engine/Content/EngineMaterials/WorldGridMaterial.uasset" 8
"../../../Engine/Content/EngineMaterials/WorldGridMaterial.uexp" 9
"../../../Engine/Content/ArtTools/RenderToTexture/Meshes/S_1_Unit_Plane.uasset" 10
"../../../Engine/Content/ArtTools/RenderToTexture/Meshes/S_1_Unit_Plane.uexp" 11
"../../../Engine/Content/EngineMaterials/DefaultMaterial.uasset" 12
"../../../Engine/Content/EngineMaterials/DefaultMaterial.uexp" 13
"../../../Engine/Content/BasicShapes/Cone.uasset" 14
"../../../Engine/Content/BasicShapes/Cone.uexp" 15
"../../../Engine/Content/BasicShapes/Plane.uasset" 16
"../../../Engine/Content/BasicShapes/Plane.uexp" 17
"../../../Engine/Content/BasicShapes/Sphere.uasset" 18
"../../../Engine/Content/BasicShapes/Sphere.uexp" 19
"../../../Engine/Content/EditorLandscapeResources/DataLayer.uasset" 20
"../../../Engine/Content/EditorLandscapeResources/DataLayer.uexp" 21
"../../../Engine/Content/EditorLandscapeResources/DefaultAlphaTexture.uasset" 22
"../../../Engine/Content/EditorLandscapeResources/DefaultAlphaTexture.uexp" 23
"../../../Engine/Content/EditorMaterials/MAT_Groups_Toggle.uasset" 24
"../../../Engine/Content/EditorMaterials/MAT_Groups_Toggle.uexp" 25
"../../../Engine/Content/EditorMaterials/MAT_Groups_Visibility.uasset" 26
"../../../Engine/Content/EditorMaterials/MAT_Groups_Visibility.uexp" 27
"../../../Engine/Content/EditorMaterials/PreviewShadowIndicator.uasset" 28
"../../../Engine/Content/EditorMaterials/PreviewShadowIndicator.uexp" 29
"../../../Engine/Content/EditorMaterials/PreviewShadowIndicator.ubulk" 30
"../../../Engine/Content/EditorMaterials/PreviewShadowIndicatorMaterial.uasset" 31
"../../../Engine/Content/EditorMaterials/PreviewShadowIndicatorMaterial.uexp" 32
"../../../Engine/Content/EditorMaterials/MatineeGroups/MAT_ColorTrack.uasset" 33
"../../../Engine/Content/EditorMaterials/MatineeGroups/MAT_ColorTrack.uexp" 34
"../../../Engine/Content/EditorMaterials/MatineeGroups/MAT_Groups_Anim.uasset" 35
"../../../Engine/Content/EditorMaterials/MatineeGroups/MAT_Groups_Anim.uexp" 36
"../../../Engine/Content/EditorMaterials/MatineeGroups/MAT_Groups_AudioMaster.uasset" 37
"../../../Engine/Content/EditorMaterials/MatineeGroups/MAT_Groups_AudioMaster.uexp" 38
"../../../Engine/Content/EditorMaterials/MatineeGroups/MAT_Groups_Director.uasset" 39
"../../../Engine/Content/EditorMaterials/MatineeGroups/MAT_Groups_Director.uexp" 40
"../../../Engine/Content/EditorMaterials/MatineeGroups/MAT_Groups_Event.uasset" 41
"../../../Engine/Content/EditorMaterials/MatineeGroups/MAT_Groups_Event.uexp" 42
"../../../Engine/Content/EditorMaterials/MatineeGroups/MAT_Groups_Fade.uasset" 43
"../../../Engine/Content/EditorMaterials/MatineeGroups/MAT_Groups_Fade.uexp" 44
"../../../Engine/Content/EditorMaterials/MatineeGroups/MAT_Groups_Float.uasset" 45
"../../../Engine/Content/EditorMaterials/MatineeGroups/MAT_Groups_Float.uexp" 46
"../../../Engine/Content/EditorMaterials/MatineeGroups/MAT_Groups_Move.uasset" 47
"../../../Engine/Content/EditorMaterials/MatineeGroups/MAT_Groups_Move.uexp" 48
"../../../Engine/Content/EditorMaterials/MatineeGroups/MAT_Groups_Slomo.uasset" 49
"../../../Engine/Content/EditorMaterials/MatineeGroups/MAT_Groups_Slomo.uexp" 50
"../../../Engine/Content/EditorMaterials/MatineeGroups/MAT_Groups_Sound.uasset" 51
"../../../Engine/Content/EditorMaterials/MatineeGroups/MAT_Groups_Sound.uexp" 52
"../../../Engine/Content/EditorMaterials/MatineeGroups/MAT_Groups_Vector.uasset" 53
"../../../Engine/Content/EditorMaterials/MatineeGroups/MAT_Groups_Vector.uexp" 54
"../../../Engine/Content/EditorMaterials/ParticleSystems/PSysThumbnail_NoImage.uasset" 55
"../../../Engine/Content/EditorMaterials/ParticleSystems/PSysThumbnail_NoImage.uexp" 56
"../../../Engine/Content/EditorMaterials/ParticleSystems/PSysThumbnail_NoImage.ubulk" 57
"../../../Engine/Content/EditorMaterials/ParticleSystems/PSysThumbnail_OOD.uasset" 58
"../../../Engine/Content/EditorMaterials/ParticleSystems/PSysThumbnail_OOD.uexp" 59
"../../../Engine/Content/EditorMaterials/ParticleSystems/PSysThumbnail_OOD.ubulk" 60
"../../../Engine/Content/EditorMaterials/Camera/CineMat.uasset" 61
"../../../Engine/Content/EditorMaterials/Camera/CineMat.uexp" 62
"../../../Engine/Content/EditorMaterials/Camera/MI_CineMat_Rig.uasset" 63
"../../../Engine/Content/EditorMaterials/Camera/MI_CineMat_Rig.uexp" 64
"../../../Engine/Content/EditorMeshes/Camera/SM_CraneRig_Arm.uasset" 65
"../../../Engine/Content/EditorMeshes/Camera/SM_CraneRig_Arm.uexp" 66
"../../../Engine/Content/EditorMeshes/Camera/SM_CraneRig_Base.uasset" 67
"../../../Engine/Content/EditorMeshes/Camera/SM_CraneRig_Base.uexp" 68
"../../../Engine/Content/EditorMeshes/Camera/SM_CraneRig_Body.uasset" 69
"../../../Engine/Content/EditorMeshes/Camera/SM_CraneRig_Body.uexp" 70
"../../../Engine/Content/EditorMeshes/Camera/SM_CraneRig_Mount.uasset" 71
"../../../Engine/Content/EditorMeshes/Camera/SM_CraneRig_Mount.uexp" 72
"../../../Engine/Content/EditorMeshes/Camera/SM_RailRig_Mount.uasset" 73
"../../../Engine/Content/EditorMeshes/Camera/SM_RailRig_Mount.uexp" 74
"../../../Engine/Content/EditorMeshes/Camera/SM_RailRig_Track.uasset" 75
"../../../Engine/Content/EditorMeshes/Camera/SM_RailRig_Track.uexp" 76
"../../../Engine/Content/EditorResources/BSPVertex.uasset" 77
"../../../Engine/Content/EditorResources/BSPVertex.uexp" 78
"../../../Engine/Content/EditorResources/EmptyActor.uasset" 79
"../../../Engine/Content/EditorResources/EmptyActor.uexp" 80
"../../../Engine/Content/EditorResources/S_Actor.uasset" 81
"../../../Engine/Content/EditorResources/S_Actor.uexp" 82
"../../../Engine/Content/EditorResources/S_Actor.ubulk" 83
"../../../Engine/Content/EditorResources/S_Note.uasset" 84
"../../../Engine/Content/EditorResources/S_Note.uexp" 85
"../../../Engine/Content/EditorResources/S_Note.ubulk" 86
"../../../Engine/Content/EditorResources/S_Solver.uasset" 87
"../../../Engine/Content/EditorResources/S_Solver.uexp" 88
"../../../Engine/Content/EditorResources/S_Solver.ubulk" 89
"../../../Engine/Content/EditorResources/S_Terrain.uasset" 90
"../../../Engine/Content/EditorResources/S_Terrain.uexp" 91
"../../../Engine/Content/EditorResources/S_Terrain.ubulk" 92
"../../../Engine/Content/EditorResources/S_Trigger.uasset" 93
"../../../Engine/Content/EditorResources/S_Trigger.uexp" 94
"../../../Engine/Content/EditorResources/S_Trigger.ubulk" 95
"../../../Engine/Content/EditorResources/AudioIcons/S_AudioComponent_AutoActivate.uasset" 96
"../../../Engine/Content/EditorResources/AudioIcons/S_AudioComponent_AutoActivate.uexp" 97
"../../../Engine/Content/EditorResources/AudioIcons/S_AudioComponent_AutoActivate.ubulk" 98
"../../../Engine/Content/EditorResources/LightIcons/S_LightError.uasset" 99
"../../../Engine/Content/EditorResources/LightIcons/S_LightError.uexp" 100
"../../../Engine/Content/EditorResources/SequenceRecorder/Countdown.uasset" 101
"../../../Engine/Content/EditorResources/SequenceRecorder/Countdown.uexp" 102
"../../../Engine/Content/EditorResources/SequenceRecorder/RecordingIndicator.uasset" 103
"../../../Engine/Content/EditorResources/SequenceRecorder/RecordingIndicator.uexp" 104
"../../../Engine/Content/EngineDamageTypes/DmgTypeBP_Environmental.uasset" 105
"../../../Engine/Content/EngineDamageTypes/DmgTypeBP_Environmental.uexp" 106
"../../../Engine/Content/EngineDebugMaterials/DebugEditorMaterial.uasset" 107
"../../../Engine/Content/EngineDebugMaterials/DebugEditorMaterial.uexp" 108
"../../../Engine/Content/EngineDebugMaterials/DebugMeshMaterial.uasset" 109
"../../../Engine/Content/EngineDebugMaterials/DebugMeshMaterial.uexp" 110
"../../../Engine/Content/EngineDebugMaterials/M_SimpleUnlitTranslucent.uasset" 111
"../../../Engine/Content/EngineDebugMaterials/M_SimpleUnlitTranslucent.uexp" 112
"../../../Engine/Content/EngineDebugMaterials/VolumeToRender.uasset" 113
"../../../Engine/Content/EngineDebugMaterials/VolumeToRender.uexp" 114
"../../../Engine/Content/Functions/Engine_MaterialFunctions02/Utility/CameraDirectionVector.uasset" 115
"../../../Engine/Content/Functions/Engine_MaterialFunctions02/Utility/CameraDirectionVector.uexp" 116
"../../../Engine/Content/EngineDebugMaterials/M_VolumeRenderSphereTracePP.uasset" 117
"../../../Engine/Content/EngineDebugMaterials/M_VolumeRenderSphereTracePP.uexp" 118
"../../../Engine/Content/Functions/Engine_MaterialFunctions01/Shading/ConvertFromDiffSpec.uasset" 119
"../../../Engine/Content/Functions/Engine_MaterialFunctions01/Shading/ConvertFromDiffSpec.uexp" 120
"../../../Engine/Content/EngineDebugMaterials/VertexColorMaterial.uasset" 121
"../../../Engine/Content/EngineDebugMaterials/VertexColorMaterial.uexp" 122
"../../../Engine/Content/EngineDebugMaterials/WireframeMaterial.uasset" 123
"../../../Engine/Content/EngineDebugMaterials/WireframeMaterial.uexp" 124
"../../../Engine/Content/EngineFonts/Faces/RobotoRegular.uasset" 125
"../../../Engine/Content/EngineFonts/Faces/RobotoRegular.uexp" 126
"../../../Engine/Content/EngineFonts/Faces/RobotoRegular.ufont" 127
"../../../Engine/Content/EngineFonts/Faces/RobotoLight.uasset" 128
"../../../Engine/Content/EngineFonts/Faces/RobotoLight.uexp" 129
"../../../Engine/Content/EngineFonts/Faces/RobotoLight.ufont" 130
"../../../Engine/Content/EngineFonts/Faces/RobotoItalic.uasset" 131
"../../../Engine/Content/EngineFonts/Faces/RobotoItalic.uexp" 132
"../../../Engine/Content/EngineFonts/Faces/RobotoItalic.ufont" 133
"../../../Engine/Content/EngineFonts/Faces/RobotoBoldItalic.uasset" 134
"../../../Engine/Content/EngineFonts/Faces/RobotoBoldItalic.uexp" 135
"../../../Engine/Content/EngineFonts/Faces/RobotoBoldItalic.ufont" 136
"../../../Engine/Content/EngineFonts/Faces/RobotoBold.uasset" 137
"../../../Engine/Content/EngineFonts/Faces/RobotoBold.uexp" 138
"../../../Engine/Content/EngineFonts/Faces/RobotoBold.ufont" 139
"../../../Engine/Content/EngineFonts/Faces/DroidSansFallback.uasset" 140
"../../../Engine/Content/EngineFonts/Faces/DroidSansFallback.uexp" 141
"../../../Engine/Content/EngineFonts/Faces/DroidSansFallback.ufont" 142
"../../../Engine/Content/EngineFonts/Roboto.uasset" 143
"../../../Engine/Content/EngineFonts/Roboto.uexp" 144
"../../../Engine/Content/EngineMaterials/BaseFlattenNormalMap.uasset" 145
"../../../Engine/Content/EngineMaterials/BaseFlattenNormalMap.uexp" 146
"../../../Engine/Content/EngineMaterials/BaseFlattenGrayscaleMap.uasset" 147
"../../../Engine/Content/EngineMaterials/BaseFlattenGrayscaleMap.uexp" 148
"../../../Engine/Content/EngineMaterials/BaseFlattenEmissiveMap.uasset" 149
"../../../Engine/Content/EngineMaterials/BaseFlattenEmissiveMap.uexp" 150
"../../../Engine/Content/EngineMaterials/BaseFlattenDiffuseMap.uasset" 151
"../../../Engine/Content/EngineMaterials/BaseFlattenDiffuseMap.uexp" 152
"../../../Engine/Content/EngineMaterials/BaseFlattenMaterial.uasset" 153
"../../../Engine/Content/EngineMaterials/BaseFlattenMaterial.uexp" 154
"../../../Engine/Content/EngineMaterials/BlueNoise.uasset" 155
"../../../Engine/Content/EngineMaterials/BlueNoise.uexp" 156
"../../../Engine/Content/EngineMaterials/DefaultBloomKernel.uasset" 157
"../../../Engine/Content/EngineMaterials/DefaultBloomKernel.uexp" 158
"../../../Engine/Content/EngineMaterials/DefaultBokeh.uasset" 159
"../../../Engine/Content/EngineMaterials/DefaultBokeh.uexp" 160
"../../../Engine/Content/EngineMaterials/DefaultDiffuse.uasset" 161
"../../../Engine/Content/EngineMaterials/DefaultDiffuse.uexp" 162
"../../../Engine/Content/EngineMaterials/DefaultDiffuse.ubulk" 163
"../../../Engine/Content/EngineMaterials/DefaultDeferredDecalMaterial.uasset" 164
"../../../Engine/Content/EngineMaterials/DefaultDeferredDecalMaterial.uexp" 165
"../../../Engine/Content/EngineMaterials/DefaultLightFunctionMaterial.uasset" 166
"../../../Engine/Content/EngineMaterials/DefaultLightFunctionMaterial.uexp" 167
"../../../Engine/Content/EngineMaterials/DefaultPhysicalMaterial.uasset" 168
"../../../Engine/Content/EngineMaterials/DefaultPhysicalMaterial.uexp" 169
"../../../Engine/Content/Functions/Engine_MaterialFunctions02/Utility/BreakOutFloat2Components.uasset" 170
"../../../Engine/Content/Functions/Engine_MaterialFunctions02/Utility/BreakOutFloat2Components.uexp" 171
"../../../Engine/Content/EngineMaterials/DefaultPostProcessMaterial.uasset" 172
"../../../Engine/Content/EngineMaterials/DefaultPostProcessMaterial.uexp" 173
"../../../Engine/Content/EngineFonts/RobotoDistanceField.uasset" 174
"../../../Engine/Content/EngineFonts/RobotoDistanceField.uexp" 175
"../../../Engine/Content/EngineMaterials/DefaultTextMaterialOpaque.uasset" 176
"../../../Engine/Content/EngineMaterials/DefaultTextMaterialOpaque.uexp" 177
"../../../Engine/Content/EngineMaterials/DefaultWhiteGrid.uasset" 178
"../../../Engine/Content/EngineMaterials/DefaultWhiteGrid.uexp" 179
"../../../Engine/Content/EngineMaterials/DefaultWhiteGrid.ubulk" 180
"../../../Engine/Content/EngineMaterials/DefaultWhiteGrid_Low.uasset" 181
"../../../Engine/Content/EngineMaterials/DefaultWhiteGrid_Low.uexp" 182
"../../../Engine/Content/EngineMaterials/EmissiveMeshMaterial.uasset" 183
"../../../Engine/Content/EngineMaterials/EmissiveMeshMaterial.uexp" 184
"../../../Engine/Content/EngineMaterials/GizmoMaterial.uasset" 185
"../../../Engine/Content/EngineMaterials/GizmoMaterial.uexp" 186
"../../../Engine/Content/EngineMaterials/Good64x64TilingNoiseHighFreq.uasset" 187
"../../../Engine/Content/EngineMaterials/Good64x64TilingNoiseHighFreq.uexp" 188
"../../../Engine/Content/EngineMaterials/MiniFont.uasset" 189
"../../../Engine/Content/EngineMaterials/MiniFont.uexp" 190
"../../../Engine/Content/EngineMaterials/InvalidLightmapSettings.uasset" 191
"../../../Engine/Content/EngineMaterials/InvalidLightmapSettings.uexp" 192
"../../../Engine/Content/EngineMaterials/InvalidLightmapSettings.ubulk" 193
"../../../Engine/Content/EngineMaterials/M_InvalidLightmapSettings.uasset" 194
"../../../Engine/Content/EngineMaterials/M_InvalidLightmapSettings.uexp" 195
"../../../Engine/Content/Functions/Engine_MaterialFunctions02/WorldPositionOffset/CameraOffset.uasset" 196
"../../../Engine/Content/Functions/Engine_MaterialFunctions02/WorldPositionOffset/CameraOffset.uexp" 197
"../../../Engine/Content/EngineMaterials/PhAT_JointLimitMaterial.uasset" 198
"../../../Engine/Content/EngineMaterials/PhAT_JointLimitMaterial.uexp" 199
"../../../Engine/Content/EngineMaterials/DefaultCalibrationColor.uasset" 200
"../../../Engine/Content/EngineMaterials/DefaultCalibrationColor.uexp" 201
"../../../Engine/Content/EngineMaterials/PPM_DefaultCalibrationColor.uasset" 202
"../../../Engine/Content/EngineMaterials/PPM_DefaultCalibrationColor.uexp" 203
"../../../Engine/Content/EngineMaterials/DefaultCalibrationGrayscale.uasset" 204
"../../../Engine/Content/EngineMaterials/DefaultCalibrationGrayscale.uexp" 205
"../../../Engine/Content/EngineMaterials/PPM_DefaultCalibrationGrayscale.uasset" 206
"../../../Engine/Content/EngineMaterials/PPM_DefaultCalibrationGrayscale.uexp" 207
"../../../Engine/Content/EngineMaterials/PreintegratedSkinBRDF.uasset" 208
"../../../Engine/Content/EngineMaterials/PreintegratedSkinBRDF.uexp" 209
"../../../Engine/Content/EngineMaterials/RemoveSurfaceMaterial.uasset" 210
"../../../Engine/Content/EngineMaterials/RemoveSurfaceMaterial.uexp" 211
"../../../Engine/Content/EngineMaterials/WeightMapPlaceholderTexture.uasset" 212
"../../../Engine/Content/EngineMaterials/WeightMapPlaceholderTexture.uexp" 213
"../../../Engine/Content/EngineResources/WhiteSquareTexture.uasset" 214
"../../../Engine/Content/EngineResources/WhiteSquareTexture.uexp" 215
"../../../Engine/Content/EngineMaterials/Widget3DPassThrough.uasset" 216
"../../../Engine/Content/EngineMaterials/Widget3DPassThrough.uexp" 217
"../../../Engine/Content/EngineMaterials/Widget3DPassThrough_Masked.uasset" 218
"../../../Engine/Content/EngineMaterials/Widget3DPassThrough_Masked.uexp" 219
"../../../Engine/Content/EngineMaterials/Widget3DPassThrough_Opaque.uasset" 220
"../../../Engine/Content/EngineMaterials/Widget3DPassThrough_Opaque.uexp" 221
"../../../Engine/Content/EngineMaterials/Widget3DPassThrough_Masked_OneSided.uasset" 222
"../../../Engine/Content/EngineMaterials/Widget3DPassThrough_Masked_OneSided.uexp" 223
"../../../Engine/Content/EngineMaterials/Widget3DPassThrough_Opaque_OneSided.uasset" 224
"../../../Engine/Content/EngineMaterials/Widget3DPassThrough_Opaque_OneSided.uexp" 225
"../../../Engine/Content/EngineMaterials/Widget3DPassThrough_Translucent.uasset" 226
"../../../Engine/Content/EngineMaterials/Widget3DPassThrough_Translucent.uexp" 227
"../../../Engine/Content/EngineMaterials/Widget3DPassThrough_Translucent_OneSided.uasset" 228
"../../../Engine/Content/EngineMaterials/Widget3DPassThrough_Translucent_OneSided.uexp" 229
"../../../Engine/Content/EngineMeshes/Cylinder.uasset" 230
"../../../Engine/Content/EngineMeshes/Cylinder.uexp" 231
"../../../Engine/Content/EngineMeshes/Sphere.uasset" 232
"../../../Engine/Content/EngineMeshes/Sphere.uexp" 233
"../../../Engine/Content/EngineResources/DefaultTexture.uasset" 234
"../../../Engine/Content/EngineResources/DefaultTexture.uexp" 235
"../../../Engine/Content/EngineResources/DefaultTexture.ubulk" 236
"../../../Engine/Content/EngineResources/DefaultTextureCube.uasset" 237
"../../../Engine/Content/EngineResources/DefaultTextureCube.uexp" 238
"../../../Engine/Content/EngineResources/DefaultVolumeTexture2D.uasset" 239
"../../../Engine/Content/EngineResources/DefaultVolumeTexture2D.uexp" 240
"../../../Engine/Content/EngineResources/DefaultVolumeTexture.uasset" 241
"../../../Engine/Content/EngineResources/DefaultVolumeTexture.uexp" 242
"../../../Engine/Content/EngineResources/GradientTexture0.uasset" 243
"../../../Engine/Content/EngineResources/GradientTexture0.uexp" 244
"../../../Engine/Content/EngineSky/VolumetricClouds/T_NoiseShape64.uasset" 245
"../../../Engine/Content/EngineSky/VolumetricClouds/T_NoiseShape64.uexp" 246
"../../../Engine/Content/EngineSky/VolumetricClouds/T_NoiseShape64.ubulk" 247
"../../../Engine/Content/EngineSky/VolumetricClouds/T_VolumeNoiseShape64.uasset" 248
"../../../Engine/Content/EngineSky/VolumetricClouds/T_VolumeNoiseShape64.uexp" 249
"../../../Engine/Content/EngineSky/VolumetricClouds/T_NoiseErosion.uasset" 250
"../../../Engine/Content/EngineSky/VolumetricClouds/T_NoiseErosion.uexp" 251
"../../../Engine/Content/EngineSky/VolumetricClouds/T_NoiseErosion.ubulk" 252
"../../../Engine/Content/EngineSky/VolumetricClouds/T_VolumeNoiseErosion32.uasset" 253
"../../../Engine/Content/EngineSky/VolumetricClouds/T_VolumeNoiseErosion32.uexp" 254
"../../../Engine/Content/EngineSky/VolumetricClouds/CloudWeatherTexture.uasset" 255
"../../../Engine/Content/EngineSky/VolumetricClouds/CloudWeatherTexture.uexp" 256
"../../../Engine/Content/EngineSky/VolumetricClouds/CloudGradientTexture.uasset" 257
"../../../Engine/Content/EngineSky/VolumetricClouds/CloudGradientTexture.uexp" 258
"../../../Engine/Content/Functions/Engine_MaterialFunctions02/Utility/MakeFloat2.uasset" 259
"../../../Engine/Content/Functions/Engine_MaterialFunctions02/Utility/MakeFloat2.uexp" 260
"../../../Engine/Content/EngineSky/VolumetricClouds/m_SimpleVolumetricCloud.uasset" 261
"../../../Engine/Content/EngineSky/VolumetricClouds/m_SimpleVolumetricCloud.uexp" 262
"../../../Engine/Content/EngineSky/VolumetricClouds/m_SimpleVolumetricCloud_Inst.uasset" 263
"../../../Engine/Content/EngineSky/VolumetricClouds/m_SimpleVolumetricCloud_Inst.uexp" 264
"../../../Engine/Content/EngineSounds/Master.uasset" 265
"../../../Engine/Content/EngineSounds/Master.uexp" 266
"../../../Engine/Content/Functions/Engine_MaterialFunctions01/Shading/PowerToRoughness.uasset" 267
"../../../Engine/Content/Functions/Engine_MaterialFunctions01/Shading/PowerToRoughness.uexp" 268
"../../../Engine/Content/Maps/Templates/Thumbnails/Default.uasset" 269
"../../../Engine/Content/Maps/Templates/Thumbnails/Default.uexp" 270
"../../../Engine/Content/Maps/Templates/Thumbnails/TimeOfDay.uasset" 271
"../../../Engine/Content/Maps/Templates/Thumbnails/TimeOfDay.uexp" 272
"../../../Engine/Content/Maps/Templates/Thumbnails/VR-Basic.uasset" 273
"../../../Engine/Content/Maps/Templates/Thumbnails/VR-Basic.uexp" 274
"../../../Engine/Content/MobileResources/T_MobileControls_texture.uasset" 275
"../../../Engine/Content/MobileResources/T_MobileControls_texture.uexp" 276
"../../../Engine/Content/MobileResources/T_MobileMenu2.uasset" 277
"../../../Engine/Content/MobileResources/T_MobileMenu2.uexp" 278
"../../../Engine/Content/MobileResources/HUD/AnalogHat.uasset" 279
"../../../Engine/Content/MobileResources/HUD/AnalogHat.uexp" 280
"../../../Engine/Content/MobileResources/HUD/VirtualJoystick_Thumb.uasset" 281
"../../../Engine/Content/MobileResources/HUD/VirtualJoystick_Thumb.uexp" 282
"../../../Engine/Content/MobileResources/HUD/VirtualJoystick_Background.uasset" 283
"../../../Engine/Content/MobileResources/HUD/VirtualJoystick_Background.uexp" 284
"../../../Engine/Content/MobileResources/HUD/DefaultVirtualJoysticks.uasset" 285
"../../../Engine/Content/MobileResources/HUD/DefaultVirtualJoysticks.uexp" 286
"../../../Engine/Content/MobileResources/HUD/LeftVirtualJoystickOnly.uasset" 287
"../../../Engine/Content/MobileResources/HUD/LeftVirtualJoystickOnly.uexp" 288
"../../../Engine/Content/MobileResources/HUD/MobileHUDButton1_off.uasset" 289
"../../../Engine/Content/MobileResources/HUD/MobileHUDButton1_off.uexp" 290
"../../../Engine/Content/MobileResources/HUD/MobileHUDButton1_on.uasset" 291
"../../../Engine/Content/MobileResources/HUD/MobileHUDButton1_on.uexp" 292
"../../../Engine/Content/MobileResources/HUD/MobileHUDButton2_off.uasset" 293
"../../../Engine/Content/MobileResources/HUD/MobileHUDButton2_off.uexp" 294
"../../../Engine/Content/MobileResources/HUD/MobileHUDButton2_on.uasset" 295
"../../../Engine/Content/MobileResources/HUD/MobileHUDButton2_on.uexp" 296
"../../../Engine/Content/MobileResources/HUD/MobileHUDButton3.uasset" 297
"../../../Engine/Content/MobileResources/HUD/MobileHUDButton3.uexp" 298
"../../../Engine/Content/MobileResources/HUD/MobileHUDButtonFire.uasset" 299
"../../../Engine/Content/MobileResources/HUD/MobileHUDButtonFire.uexp" 300
"../../../Engine/Content/MobileResources/HUD/MobileHUDDirectionPad.uasset" 301
"../../../Engine/Content/MobileResources/HUD/MobileHUDDirectionPad.uexp" 302
"../../../Engine/Content/MobileResources/HUD/MobileHUDDirectionPad2.uasset" 303
"../../../Engine/Content/MobileResources/HUD/MobileHUDDirectionPad2.uexp" 304
"../../../Engine/Content/MobileResources/HUD/MobileHUDDirectionPad3.uasset" 305
"../../../Engine/Content/MobileResources/HUD/MobileHUDDirectionPad3.uexp" 306
"../../../Engine/Content/MobileResources/HUD/MobileHUDDirectionStick.uasset" 307
"../../../Engine/Content/MobileResources/HUD/MobileHUDDirectionStick.uexp" 308
"../../../Engine/Content/MobileResources/HUD/T_Castle_ThumbstickInner.uasset" 309
"../../../Engine/Content/MobileResources/HUD/T_Castle_ThumbstickInner.uexp" 310
"../../../Engine/Content/MobileResources/HUD/T_Castle_ThumbstickOutter.uasset" 311
"../../../Engine/Content/MobileResources/HUD/T_Castle_ThumbstickOutter.uexp" 312
"../../../Engine/Content/Tutorial/ContentIntroCurve.uasset" 313
"../../../Engine/Content/Tutorial/ContentIntroCurve.uexp" 314
"../../../Engine/Content/Tutorial/Basics/TutorialAssets/icon_tab_Levels_40x.uasset" 315
"../../../Engine/Content/Tutorial/Basics/TutorialAssets/icon_tab_Levels_40x.uexp" 316
"../../../Engine/Content/Tutorial/BlueprintTutorials/TutorialAssets/Blueprint_64x.uasset" 317
"../../../Engine/Content/Tutorial/BlueprintTutorials/TutorialAssets/Blueprint_64x.uexp" 318
"../../../Engine/Content/VREditor/TransformGizmo/TranslucentTransformGizmoMaterial.uasset" 319
"../../../Engine/Content/VREditor/TransformGizmo/TranslucentTransformGizmoMaterial.uexp" 320
"../../../Engine/Content/VREditor/LaserPointer/VR_LaserPower_01.uasset" 321
"../../../Engine/Content/VREditor/LaserPointer/VR_LaserPower_01.uexp" 322
"../../../Engine/Content/VREditor/LaserPointer/VR_LaserPower_01.ubulk" 323
"../../../Engine/Content/VREditor/TransformGizmo/TransformGizmoMaterial.uasset" 324
"../../../Engine/Content/VREditor/TransformGizmo/TransformGizmoMaterial.uexp" 325
"../../../Engine/Content/VREditor/TransformGizmo/BoundingBoxCorner.uasset" 326
"../../../Engine/Content/VREditor/TransformGizmo/BoundingBoxCorner.uexp" 327
"../../../Engine/Content/VREditor/TransformGizmo/BoundingBoxEdge.uasset" 328
"../../../Engine/Content/VREditor/TransformGizmo/BoundingBoxEdge.uexp" 329
"../../../Engine/Content/VREditor/TransformGizmo/PlaneTranslationHandle.uasset" 330
"../../../Engine/Content/VREditor/TransformGizmo/PlaneTranslationHandle.uexp" 331
"../../../Engine/Content/VREditor/TransformGizmo/Xray.uasset" 332
"../../../Engine/Content/VREditor/TransformGizmo/Xray.uexp" 333
"../../../Engine/Content/VREditor/TransformGizmo/Main.uasset" 334
"../../../Engine/Content/VREditor/TransformGizmo/Main.uexp" 335
"../../../Engine/Content/VREditor/TransformGizmo/SM_Sequencer_Key.uasset" 336
"../../../Engine/Content/VREditor/TransformGizmo/SM_Sequencer_Key.uexp" 337
"../../../Engine/Content/VREditor/TransformGizmo/SM_Sequencer_Node.uasset" 338
"../../../Engine/Content/VREditor/TransformGizmo/SM_Sequencer_Node.uexp" 339
"../../../Engine/Plugins/2D/Paper2D/Content/PlaceholderTextures/DummySpriteTexture.uasset" 340
"../../../Engine/Plugins/2D/Paper2D/Content/PlaceholderTextures/DummySpriteTexture.uexp" 341
"../../../Engine/Plugins/2D/Paper2D/Content/PlaceholderTextures/DummySpriteTexture.ubulk" 342
"../../../Engine/Plugins/2D/Paper2D/Content/DummySprite.uasset" 343
"../../../Engine/Plugins/2D/Paper2D/Content/DummySprite.uexp" 344
"../../../Engine/Plugins/2D/Paper2D/Content/DefaultPaperTerrainMaterial.uasset" 345
"../../../Engine/Plugins/2D/Paper2D/Content/DefaultPaperTerrainMaterial.uexp" 346
"../../../Engine/Plugins/2D/Paper2D/Content/DefaultSpriteMaterial.uasset" 347
"../../../Engine/Plugins/2D/Paper2D/Content/DefaultSpriteMaterial.uexp" 348
"../../../Engine/Plugins/2D/Paper2D/Content/MaskedUnlitSpriteMaterial.uasset" 349
"../../../Engine/Plugins/2D/Paper2D/Content/MaskedUnlitSpriteMaterial.uexp" 350
"../../../Engine/Plugins/2D/Paper2D/Content/OpaqueUnlitSpriteMaterial.uasset" 351
"../../../Engine/Plugins/2D/Paper2D/Content/OpaqueUnlitSpriteMaterial.uexp" 352
"../../../Engine/Content/Functions/Engine_MaterialFunctions02/Utility/VectorLength.uasset" 353
"../../../Engine/Content/Functions/Engine_MaterialFunctions02/Utility/VectorLength.uexp" 354
"../../../Engine/Content/Functions/Engine_MaterialFunctions02/ObjectLocalBounds.uasset" 355
"../../../Engine/Content/Functions/Engine_MaterialFunctions02/ObjectLocalBounds.uexp" 356
"../../../Engine/Content/Functions/Engine_MaterialFunctions02/WorldPositionOffset/ObjectScale.uasset" 357
"../../../Engine/Content/Functions/Engine_MaterialFunctions02/WorldPositionOffset/ObjectScale.uexp" 358
"../../../Engine/Content/Functions/Engine_MaterialFunctions02/Utility/BreakOutFloat3Components.uasset" 359
"../../../Engine/Content/Functions/Engine_MaterialFunctions02/Utility/BreakOutFloat3Components.uexp" 360
"../../../Engine/Plugins/Editor/SpeedTreeImporter/Content/SpeedTree9/UnpackInteger3.uasset" 361
"../../../Engine/Plugins/Editor/SpeedTreeImporter/Content/SpeedTree9/UnpackInteger3.uexp" 362
"../../../Engine/Plugins/Editor/SpeedTreeImporter/Content/SpeedTree9/UnpackDirection.uasset" 363
"../../../Engine/Plugins/Editor/SpeedTreeImporter/Content/SpeedTree9/UnpackDirection.uexp" 364
"../../../Engine/Plugins/Editor/SpeedTreeImporter/Content/SpeedTree9/game_wind_noise.uasset" 365
"../../../Engine/Plugins/Editor/SpeedTreeImporter/Content/SpeedTree9/game_wind_noise.uexp" 366
"../../../Engine/Plugins/Editor/SpeedTreeImporter/Content/SpeedTree9/game_wind_noise.ubulk" 367
"../../../Engine/Content/Functions/Engine_MaterialFunctions02/SafeNormalize.uasset" 368
"../../../Engine/Content/Functions/Engine_MaterialFunctions02/SafeNormalize.uexp" 369
"../../../Engine/Plugins/Editor/SpeedTreeImporter/Content/SpeedTree9/SpeedTreeWindMotion.uasset" 370
"../../../Engine/Plugins/Editor/SpeedTreeImporter/Content/SpeedTree9/SpeedTreeWindMotion.uexp" 371
"../../../Engine/Plugins/Editor/SpeedTreeImporter/Content/SpeedTree9/SpeedTreeBranchMotion.uasset" 372
"../../../Engine/Plugins/Editor/SpeedTreeImporter/Content/SpeedTree9/SpeedTreeBranchMotion.uexp" 373
"../../../Engine/Content/Functions/Engine_MaterialFunctions02/UVs/BoundingBoxBased_0-1_UVW.uasset" 374
"../../../Engine/Content/Functions/Engine_MaterialFunctions02/UVs/BoundingBoxBased_0-1_UVW.uexp" 375
"../../../Engine/Plugins/Editor/SpeedTreeImporter/Content/SpeedTree9/SpeedTreeWind.uasset" 376
"../../../Engine/Plugins/Editor/SpeedTreeImporter/Content/SpeedTree9/SpeedTreeWind.uexp" 377
"../../../Engine/Plugins/Editor/SpeedTreeImporter/Content/SpeedTree9/SpeedTreeBillboard.uasset" 378
"../../../Engine/Plugins/Editor/SpeedTreeImporter/Content/SpeedTree9/SpeedTreeBillboard.uexp" 379
"../../../Engine/Plugins/Editor/SpeedTreeImporter/Content/SpeedTree9/EmptyNormal.uasset" 380
"../../../Engine/Plugins/Editor/SpeedTreeImporter/Content/SpeedTree9/EmptyNormal.uexp" 381
"../../../Engine/Plugins/Editor/SpeedTreeImporter/Content/SpeedTree9/Empty.uasset" 382
"../../../Engine/Plugins/Editor/SpeedTreeImporter/Content/SpeedTree9/Empty.uexp" 383
"../../../Engine/Plugins/Editor/SpeedTreeImporter/Content/SpeedTree9/SpeedTreeBillboardMaster.uasset" 384
"../../../Engine/Plugins/Editor/SpeedTreeImporter/Content/SpeedTree9/SpeedTreeBillboardMaster.uexp" 385
"../../../Engine/Plugins/Editor/SpeedTreeImporter/Content/SpeedTree9/SpeedTreeCameraFacing.uasset" 386
"../../../Engine/Plugins/Editor/SpeedTreeImporter/Content/SpeedTree9/SpeedTreeCameraFacing.uexp" 387
"../../../Engine/Plugins/Editor/SpeedTreeImporter/Content/SpeedTree9/SpeedTreeMaster.uasset" 388
"../../../Engine/Plugins/Editor/SpeedTreeImporter/Content/SpeedTree9/SpeedTreeMaster.uexp" 389
"../../../Engine/Content/ArtTools/RenderToTexture/Materials/Debug/M_Emissive_Color.uasset" 390
"../../../Engine/Content/ArtTools/RenderToTexture/Materials/Debug/M_Emissive_Color.uexp" 391
"../../../Engine/Content/BasicShapes/Cylinder.uasset" 392
"../../../Engine/Content/BasicShapes/Cylinder.uexp" 393
"../../../Engine/Plugins/Lumin/MagicLeapPassableWorld/Content/MagicLeapARPinInfoActor.uasset" 394
"../../../Engine/Plugins/Lumin/MagicLeapPassableWorld/Content/MagicLeapARPinInfoActor.uexp" 395
"../../../Engine/Plugins/Runtime/OpenXR/Content/Devices/GoogleDaydream/MRTexture.uasset" 396
"../../../Engine/Plugins/Runtime/OpenXR/Content/Devices/GoogleDaydream/MRTexture.uexp" 397
"../../../Engine/Plugins/Runtime/OpenXR/Content/Devices/GoogleDaydream/MRTexture.ubulk" 398
"../../../Engine/Plugins/Runtime/OpenXR/Content/Devices/GoogleDaydream/BaseTexture.uasset" 399
"../../../Engine/Plugins/Runtime/OpenXR/Content/Devices/GoogleDaydream/BaseTexture.uexp" 400
"../../../Engine/Plugins/Runtime/OpenXR/Content/Devices/GoogleDaydream/BaseTexture.ubulk" 401
"../../../Engine/Content/EngineResources/Black.uasset" 402
"../../../Engine/Content/EngineResources/Black.uexp" 403
"../../../Engine/Plugins/Runtime/OpenXR/Content/Devices/M_XRController.uasset" 404
"../../../Engine/Plugins/Runtime/OpenXR/Content/Devices/M_XRController.uexp" 405
"../../../Engine/Plugins/Runtime/OpenXR/Content/Devices/GoogleDaydream/MI_GoogleDaydream.uasset" 406
"../../../Engine/Plugins/Runtime/OpenXR/Content/Devices/GoogleDaydream/MI_GoogleDaydream.uexp" 407
"../../../Engine/Plugins/Runtime/OpenXR/Content/Devices/GoogleDaydream/GoogleDaydreamController.uasset" 408
"../../../Engine/Plugins/Runtime/OpenXR/Content/Devices/GoogleDaydream/GoogleDaydreamController.uexp" 409
"../../../Engine/Plugins/Runtime/OpenXR/Content/Devices/HTCVive/BaseTexture.uasset" 410
"../../../Engine/Plugins/Runtime/OpenXR/Content/Devices/HTCVive/BaseTexture.uexp" 411
"../../../Engine/Plugins/Runtime/OpenXR/Content/Devices/HTCVive/BaseTexture.ubulk" 412
"../../../Engine/Plugins/Runtime/OpenXR/Content/Devices/HTCVive/MI_HTCVive.uasset" 413
"../../../Engine/Plugins/Runtime/OpenXR/Content/Devices/HTCVive/MI_HTCVive.uexp" 414
"../../../Engine/Plugins/Runtime/OpenXR/Content/Devices/HTCVive/HTCViveController.uasset" 415
"../../../Engine/Plugins/Runtime/OpenXR/Content/Devices/HTCVive/HTCViveController.uexp" 416
"../../../Engine/Plugins/Runtime/OpenXR/Content/Devices/MicrosoftMixedReality/NormalTexture.uasset" 417
"../../../Engine/Plugins/Runtime/OpenXR/Content/Devices/MicrosoftMixedReality/NormalTexture.uexp" 418
"../../../Engine/Plugins/Runtime/OpenXR/Content/Devices/MicrosoftMixedReality/NormalTexture.ubulk" 419
"../../../Engine/Plugins/Runtime/OpenXR/Content/Devices/MicrosoftMixedReality/MRTexture.uasset" 420
"../../../Engine/Plugins/Runtime/OpenXR/Content/Devices/MicrosoftMixedReality/MRTexture.uexp" 421
"../../../Engine/Plugins/Runtime/OpenXR/Content/Devices/MicrosoftMixedReality/MRTexture.ubulk" 422
"../../../Engine/Plugins/Runtime/OpenXR/Content/Devices/MicrosoftMixedReality/EmissiveTexture.uasset" 423
"../../../Engine/Plugins/Runtime/OpenXR/Content/Devices/MicrosoftMixedReality/EmissiveTexture.uexp" 424
"../../../Engine/Plugins/Runtime/OpenXR/Content/Devices/MicrosoftMixedReality/EmissiveTexture.ubulk" 425
"../../../Engine/Plugins/Runtime/OpenXR/Content/Devices/MicrosoftMixedReality/BaseTexture.uasset" 426
"../../../Engine/Plugins/Runtime/OpenXR/Content/Devices/MicrosoftMixedReality/BaseTexture.uexp" 427
"../../../Engine/Plugins/Runtime/OpenXR/Content/Devices/MicrosoftMixedReality/BaseTexture.ubulk" 428
"../../../Engine/Plugins/Runtime/OpenXR/Content/Devices/MicrosoftMixedReality/MI_MicrosoftMixedReality.uasset" 429
"../../../Engine/Plugins/Runtime/OpenXR/Content/Devices/MicrosoftMixedReality/MI_MicrosoftMixedReality.uexp" 430
"../../../Engine/Plugins/Runtime/OpenXR/Content/Devices/MicrosoftMixedReality/Left/left_MicrosoftMixedRealityController.uasset" 431
"../../../Engine/Plugins/Runtime/OpenXR/Content/Devices/MicrosoftMixedReality/Left/left_MicrosoftMixedRealityController.uexp" 432
"../../../Engine/Plugins/Runtime/OpenXR/Content/Devices/MicrosoftMixedReality/Right/right_MicrosoftMixedRealityController.uasset" 433
"../../../Engine/Plugins/Runtime/OpenXR/Content/Devices/MicrosoftMixedReality/Right/right_MicrosoftMixedRealityController.uexp" 434
"../../../Engine/Plugins/Runtime/OpenXR/Content/Devices/OculusGo/BaseTexture.uasset" 435
"../../../Engine/Plugins/Runtime/OpenXR/Content/Devices/OculusGo/BaseTexture.uexp" 436
"../../../Engine/Plugins/Runtime/OpenXR/Content/Devices/OculusGo/BaseTexture.ubulk" 437
"../../../Engine/Plugins/Runtime/OpenXR/Content/Devices/OculusGo/MI_OculusGo.uasset" 438
"../../../Engine/Plugins/Runtime/OpenXR/Content/Devices/OculusGo/MI_OculusGo.uexp" 439
"../../../Engine/Plugins/Runtime/OpenXR/Content/Devices/OculusGo/OculusGoController.uasset" 440
"../../../Engine/Plugins/Runtime/OpenXR/Content/Devices/OculusGo/OculusGoController.uexp" 441
"../../../Engine/Plugins/Runtime/OpenXR/Content/Devices/OculusTouch/MRTexture.uasset" 442
"../../../Engine/Plugins/Runtime/OpenXR/Content/Devices/OculusTouch/MRTexture.uexp" 443
"../../../Engine/Plugins/Runtime/OpenXR/Content/Devices/OculusTouch/MRTexture.ubulk" 444
"../../../Engine/Plugins/Runtime/OpenXR/Content/Devices/OculusTouch/BaseTexture.uasset" 445
"../../../Engine/Plugins/Runtime/OpenXR/Content/Devices/OculusTouch/BaseTexture.uexp" 446
"../../../Engine/Plugins/Runtime/OpenXR/Content/Devices/OculusTouch/BaseTexture.ubulk" 447
"../../../Engine/Plugins/Runtime/OpenXR/Content/Devices/OculusTouch/MI_OculusTouch.uasset" 448
"../../../Engine/Plugins/Runtime/OpenXR/Content/Devices/OculusTouch/MI_OculusTouch.uexp" 449
"../../../Engine/Plugins/Runtime/OpenXR/Content/Devices/OculusTouch/Left/left_OculusTouchController.uasset" 450
"../../../Engine/Plugins/Runtime/OpenXR/Content/Devices/OculusTouch/Left/left_OculusTouchController.uexp" 451
"../../../Engine/Plugins/Runtime/OpenXR/Content/Devices/OculusTouch/Right/right_OculusTouchController.uasset" 452
"../../../Engine/Plugins/Runtime/OpenXR/Content/Devices/OculusTouch/Right/right_OculusTouchController.uexp" 453
"../../../Engine/Plugins/Runtime/OpenXR/Content/Devices/OculusTouch_v2/MRTexture.uasset" 454
"../../../Engine/Plugins/Runtime/OpenXR/Content/Devices/OculusTouch_v2/MRTexture.uexp" 455
"../../../Engine/Plugins/Runtime/OpenXR/Content/Devices/OculusTouch_v2/MRTexture.ubulk" 456
"../../../Engine/Plugins/Runtime/OpenXR/Content/Devices/OculusTouch_v2/BaseTexture.uasset" 457
"../../../Engine/Plugins/Runtime/OpenXR/Content/Devices/OculusTouch_v2/BaseTexture.uexp" 458
"../../../Engine/Plugins/Runtime/OpenXR/Content/Devices/OculusTouch_v2/BaseTexture.ubulk" 459
"../../../Engine/Plugins/Runtime/OpenXR/Content/Devices/OculusTouch_v2/MI_OculusTouch_v2.uasset" 460
"../../../Engine/Plugins/Runtime/OpenXR/Content/Devices/OculusTouch_v2/MI_OculusTouch_v2.uexp" 461
"../../../Engine/Plugins/Runtime/OpenXR/Content/Devices/OculusTouch_v2/Left/left_OculusTouch_v2Controller.uasset" 462
"../../../Engine/Plugins/Runtime/OpenXR/Content/Devices/OculusTouch_v2/Left/left_OculusTouch_v2Controller.uexp" 463
"../../../Engine/Plugins/Runtime/OpenXR/Content/Devices/OculusTouch_v2/Right/right_OculusTouch_v2Controller.uasset" 464
"../../../Engine/Plugins/Runtime/OpenXR/Content/Devices/OculusTouch_v2/Right/right_OculusTouch_v2Controller.uexp" 465
"../../../Engine/Plugins/Runtime/OpenXR/Content/Devices/OculusTouch_v3/MRTexture.uasset" 466
"../../../Engine/Plugins/Runtime/OpenXR/Content/Devices/OculusTouch_v3/MRTexture.uexp" 467
"../../../Engine/Plugins/Runtime/OpenXR/Content/Devices/OculusTouch_v3/MRTexture.ubulk" 468
"../../../Engine/Plugins/Runtime/OpenXR/Content/Devices/OculusTouch_v3/BaseTexture.uasset" 469
"../../../Engine/Plugins/Runtime/OpenXR/Content/Devices/OculusTouch_v3/BaseTexture.uexp" 470
"../../../Engine/Plugins/Runtime/OpenXR/Content/Devices/OculusTouch_v3/BaseTexture.ubulk" 471
"../../../Engine/Plugins/Runtime/OpenXR/Content/Devices/OculusTouch_v3/MI_OculusTouch_v3.uasset" 472
"../../../Engine/Plugins/Runtime/OpenXR/Content/Devices/OculusTouch_v3/MI_OculusTouch_v3.uexp" 473
"../../../Engine/Plugins/Runtime/OpenXR/Content/Devices/OculusTouch_v3/Left/left_OculusTouch_v3Controller.uasset" 474
"../../../Engine/Plugins/Runtime/OpenXR/Content/Devices/OculusTouch_v3/Left/left_OculusTouch_v3Controller.uexp" 475
"../../../Engine/Plugins/Runtime/OpenXR/Content/Devices/OculusTouch_v3/Right/right_OculusTouch_v3Controller.uasset" 476
"../../../Engine/Plugins/Runtime/OpenXR/Content/Devices/OculusTouch_v3/Right/right_OculusTouch_v3Controller.uexp" 477
"../../../Engine/Plugins/Runtime/OpenXR/Content/Devices/ValveIndex/MRTexture.uasset" 478
"../../../Engine/Plugins/Runtime/OpenXR/Content/Devices/ValveIndex/MRTexture.uexp" 479
"../../../Engine/Plugins/Runtime/OpenXR/Content/Devices/ValveIndex/MRTexture.ubulk" 480
"../../../Engine/Plugins/Runtime/OpenXR/Content/Devices/ValveIndex/BaseTexture.uasset" 481
"../../../Engine/Plugins/Runtime/OpenXR/Content/Devices/ValveIndex/BaseTexture.uexp" 482
"../../../Engine/Plugins/Runtime/OpenXR/Content/Devices/ValveIndex/BaseTexture.ubulk" 483
"../../../Engine/Plugins/Runtime/OpenXR/Content/Devices/ValveIndex/Left/MI_left_ValveIndex.uasset" 484
"../../../Engine/Plugins/Runtime/OpenXR/Content/Devices/ValveIndex/Left/MI_left_ValveIndex.uexp" 485
"../../../Engine/Plugins/Runtime/OpenXR/Content/Devices/ValveIndex/Left/left_ValveIndexController.uasset" 486
"../../../Engine/Plugins/Runtime/OpenXR/Content/Devices/ValveIndex/Left/left_ValveIndexController.uexp" 487
"../../../Engine/Plugins/Runtime/OpenXR/Content/Devices/ValveIndex/Right/MI_right_ValveIndex.uasset" 488
"../../../Engine/Plugins/Runtime/OpenXR/Content/Devices/ValveIndex/Right/MI_right_ValveIndex.uexp" 489
"../../../Engine/Plugins/Runtime/OpenXR/Content/Devices/ValveIndex/Right/right_ValveIndexController.uasset" 490
"../../../Engine/Plugins/Runtime/OpenXR/Content/Devices/ValveIndex/Right/right_ValveIndexController.uexp" 491
"../../../Engine/Content/Functions/Engine_MaterialFunctions02/Utility/BreakOutFloat4Components.uasset" 492
"../../../Engine/Content/Functions/Engine_MaterialFunctions02/Utility/BreakOutFloat4Components.uexp" 493
"../../../Engine/Content/Functions/Engine_MaterialFunctions02/Utility/MakeFloat3.uasset" 494
"../../../Engine/Content/Functions/Engine_MaterialFunctions02/Utility/MakeFloat3.uexp" 495
"../../../Engine/Plugins/Runtime/Oculus/OculusVR/Content/Materials/OculusMR_ChromaKey.uasset" 496
"../../../Engine/Plugins/Runtime/Oculus/OculusVR/Content/Materials/OculusMR_ChromaKey.uexp" 497
"../../../Engine/Plugins/Runtime/Oculus/OculusVR/Content/Materials/OculusMR_OpaqueColoredMaterial.uasset" 498
"../../../Engine/Plugins/Runtime/Oculus/OculusVR/Content/Materials/OculusMR_OpaqueColoredMaterial.uexp" 499
"../../../Engine/Plugins/Runtime/Oculus/OculusVR/Content/Materials/PokeAHoleMaterial.uasset" 500
"../../../Engine/Plugins/Runtime/Oculus/OculusVR/Content/Materials/PokeAHoleMaterial.uexp" 501
"../../../Engine/Plugins/Runtime/Oculus/OculusVR/Content/Textures/touchController_controlmap.uasset" 502
"../../../Engine/Plugins/Runtime/Oculus/OculusVR/Content/Textures/touchController_controlmap.uexp" 503
"../../../Engine/Plugins/Runtime/Oculus/OculusVR/Content/Textures/touchController_controlmap.ubulk" 504
"../../../Engine/Plugins/Runtime/Oculus/OculusVR/Content/Textures/touchController_albedo.uasset" 505
"../../../Engine/Plugins/Runtime/Oculus/OculusVR/Content/Textures/touchController_albedo.uexp" 506
"../../../Engine/Plugins/Runtime/Oculus/OculusVR/Content/Textures/touchController_albedo.ubulk" 507
"../../../Engine/Plugins/Runtime/Oculus/OculusVR/Content/Materials/touchController_mat.uasset" 508
"../../../Engine/Plugins/Runtime/Oculus/OculusVR/Content/Materials/touchController_mat.uexp" 509
"../../../Engine/Plugins/Runtime/Oculus/OculusVR/Content/Meshes/LeftTouchController.uasset" 510
"../../../Engine/Plugins/Runtime/Oculus/OculusVR/Content/Meshes/LeftTouchController.uexp" 511
"../../../Engine/Plugins/Runtime/Oculus/OculusVR/Content/Textures/TouchForQuestRiftSController_albedo.uasset" 512
"../../../Engine/Plugins/Runtime/Oculus/OculusVR/Content/Textures/TouchForQuestRiftSController_albedo.uexp" 513
"../../../Engine/Plugins/Runtime/Oculus/OculusVR/Content/Textures/TouchForQuestRiftSController_albedo.ubulk" 514
"../../../Engine/Plugins/Runtime/Oculus/OculusVR/Content/Materials/TouchForQuestRiftSControllerMaterial.uasset" 515
"../../../Engine/Plugins/Runtime/Oculus/OculusVR/Content/Materials/TouchForQuestRiftSControllerMaterial.uexp" 516
"../../../Engine/Plugins/Runtime/Oculus/OculusVR/Content/Meshes/LeftTouchForQuestRiftSController.uasset" 517
"../../../Engine/Plugins/Runtime/Oculus/OculusVR/Content/Meshes/LeftTouchForQuestRiftSController.uexp" 518
"../../../Engine/Plugins/Runtime/Oculus/OculusVR/Content/Meshes/RiftHMD.uasset" 519
"../../../Engine/Plugins/Runtime/Oculus/OculusVR/Content/Meshes/RiftHMD.uexp" 520
"../../../Engine/Plugins/Runtime/Oculus/OculusVR/Content/Meshes/RightTouchController.uasset" 521
"../../../Engine/Plugins/Runtime/Oculus/OculusVR/Content/Meshes/RightTouchController.uexp" 522
"../../../Engine/Plugins/Runtime/Oculus/OculusVR/Content/Meshes/RightTouchForQuestRiftSController.uasset" 523
"../../../Engine/Plugins/Runtime/Oculus/OculusVR/Content/Meshes/RightTouchForQuestRiftSController.uexp" 524
"C:/Users/nktri/Documents/GitHub/Toronto-Game-Jam/TorontoGameJam/Content/ToJamAudio/ambientSounds/GasStove.uasset" 525
"C:/Users/nktri/Documents/GitHub/Toronto-Game-Jam/TorontoGameJam/Content/ToJamAudio/ambientSounds/GasStove.uexp" 526
"C:/Users/nktri/Documents/GitHub/Toronto-Game-Jam/TorontoGameJam/Content/ToJamAudio/ambientSounds/GasStove_Cue.uasset" 527
"C:/Users/nktri/Documents/GitHub/Toronto-Game-Jam/TorontoGameJam/Content/ToJamAudio/ambientSounds/GasStove_Cue.uexp" 528
"C:/Users/nktri/Documents/GitHub/Toronto-Game-Jam/TorontoGameJam/Content/ToJamAudio/ambientSounds/ambientkitchenfridgedoundeffet.uasset" 529
"C:/Users/nktri/Documents/GitHub/Toronto-Game-Jam/TorontoGameJam/Content/ToJamAudio/ambientSounds/ambientkitchenfridgedoundeffet.uexp" 530
"C:/Users/nktri/Documents/GitHub/Toronto-Game-Jam/TorontoGameJam/Content/ToJamAudio/ambientSounds/ambientkitchenfridgedoundeffet_Cue.uasset" 531
"C:/Users/nktri/Documents/GitHub/Toronto-Game-Jam/TorontoGameJam/Content/ToJamAudio/ambientSounds/ambientkitchenfridgedoundeffet_Cue.uexp" 532
"C:/Users/nktri/Documents/GitHub/Toronto-Game-Jam/TorontoGameJam/Content/StarterContent/Textures/T_Frame_N.uasset" 533
"C:/Users/nktri/Documents/GitHub/Toronto-Game-Jam/TorontoGameJam/Content/StarterContent/Textures/T_Frame_N.uexp" 534
"C:/Users/nktri/Documents/GitHub/Toronto-Game-Jam/TorontoGameJam/Content/StarterContent/Textures/T_Frame_N.ubulk" 535
"C:/Users/nktri/Documents/GitHub/Toronto-Game-Jam/TorontoGameJam/Content/StarterContent/Textures/T_Frame_M.uasset" 536
"C:/Users/nktri/Documents/GitHub/Toronto-Game-Jam/TorontoGameJam/Content/StarterContent/Textures/T_Frame_M.uexp" 537
"C:/Users/nktri/Documents/GitHub/Toronto-Game-Jam/TorontoGameJam/Content/StarterContent/Textures/T_Frame_M.ubulk" 538
"C:/Users/nktri/Documents/GitHub/Toronto-Game-Jam/TorontoGameJam/Content/StarterContent/Props/Materials/M_Frame.uasset" 539
"C:/Users/nktri/Documents/GitHub/Toronto-Game-Jam/TorontoGameJam/Content/StarterContent/Props/Materials/M_Frame.uexp" 540
"C:/Users/nktri/Documents/GitHub/Toronto-Game-Jam/TorontoGameJam/Content/StarterContent/Props/SM_DoorFrame.uasset" 541
"C:/Users/nktri/Documents/GitHub/Toronto-Game-Jam/TorontoGameJam/Content/StarterContent/Props/SM_DoorFrame.uexp" 542
"../../../Engine/Content/EngineSky/T_Sky_Clouds_M.uasset" 543
"../../../Engine/Content/EngineSky/T_Sky_Clouds_M.uexp" 544
"../../../Engine/Content/EngineSky/T_Sky_Clouds_M.ubulk" 545
"../../../Engine/Content/EngineSky/T_Sky_Blue.uasset" 546
"../../../Engine/Content/EngineSky/T_Sky_Blue.uexp" 547
"../../../Engine/Content/EngineSky/T_Sky_Blue.ubulk" 548
"../../../Engine/Content/EngineSky/T_Sky_Stars.uasset" 549
"../../../Engine/Content/EngineSky/T_Sky_Stars.uexp" 550
"../../../Engine/Content/EngineSky/T_Sky_Stars.ubulk" 551
"../../../Engine/Content/EngineSky/M_Sky_Panning_Clouds2.uasset" 552
"../../../Engine/Content/EngineSky/M_Sky_Panning_Clouds2.uexp" 553
"C:/Users/nktri/Documents/GitHub/Toronto-Game-Jam/TorontoGameJam/Content/FirstPersonBP/Maps/FirstPersonExampleMap_BuiltData.uasset" 554
"C:/Users/nktri/Documents/GitHub/Toronto-Game-Jam/TorontoGameJam/Content/FirstPersonBP/Maps/FirstPersonExampleMap_BuiltData.uexp" 555
"C:/Users/nktri/Documents/GitHub/Toronto-Game-Jam/TorontoGameJam/Content/FirstPersonBP/Maps/FirstPersonExampleMap_BuiltData.ubulk" 556
"../../../Engine/Content/EditorBlueprintResources/StandardMacros.uasset" 557
"../../../Engine/Content/EditorBlueprintResources/StandardMacros.uexp" 558
"../../../Engine/Content/EngineSky/SM_SkySphere.uasset" 559
"../../../Engine/Content/EngineSky/SM_SkySphere.uexp" 560
"../../../Engine/Content/EngineSky/C_Sky_Zenith_Color.uasset" 561
"../../../Engine/Content/EngineSky/C_Sky_Zenith_Color.uexp" 562
"../../../Engine/Content/EngineSky/C_Sky_Horizon_Color.uasset" 563
"../../../Engine/Content/EngineSky/C_Sky_Horizon_Color.uexp" 564
"../../../Engine/Content/EngineSky/C_Sky_Cloud_Color.uasset" 565
"../../../Engine/Content/EngineSky/C_Sky_Cloud_Color.uexp" 566
"../../../Engine/Content/EngineSky/BP_Sky_Sphere.uasset" 567
"../../../Engine/Content/EngineSky/BP_Sky_Sphere.uexp" 568
"C:/Users/nktri/Documents/GitHub/Toronto-Game-Jam/TorontoGameJam/Content/ToJamAudio/musicSounds/tiktocktimer_2.uasset" 569
"C:/Users/nktri/Documents/GitHub/Toronto-Game-Jam/TorontoGameJam/Content/ToJamAudio/musicSounds/tiktocktimer_2.uexp" 570
"C:/Users/nktri/Documents/GitHub/Toronto-Game-Jam/TorontoGameJam/Content/ToJamAudio/musicSounds/tiktocktimer_2_Cue.uasset" 571
"C:/Users/nktri/Documents/GitHub/Toronto-Game-Jam/TorontoGameJam/Content/ToJamAudio/musicSounds/tiktocktimer_2_Cue.uexp" 572
"C:/Users/nktri/Documents/GitHub/Toronto-Game-Jam/TorontoGameJam/Content/ToJamAudio/ambientSounds/Microwave.uasset" 573
"C:/Users/nktri/Documents/GitHub/Toronto-Game-Jam/TorontoGameJam/Content/ToJamAudio/ambientSounds/Microwave.uexp" 574
"C:/Users/nktri/Documents/GitHub/Toronto-Game-Jam/TorontoGameJam/Content/ToJamAudio/ambientSounds/Microwave_Cue.uasset" 575
"C:/Users/nktri/Documents/GitHub/Toronto-Game-Jam/TorontoGameJam/Content/ToJamAudio/ambientSounds/Microwave_Cue.uexp" 576
"C:/Users/nktri/Documents/GitHub/Toronto-Game-Jam/TorontoGameJam/Content/ToJamAudio/soundEffect/Selectbutton.uasset" 577
"C:/Users/nktri/Documents/GitHub/Toronto-Game-Jam/TorontoGameJam/Content/ToJamAudio/soundEffect/Selectbutton.uexp" 578
"C:/Users/nktri/Documents/GitHub/Toronto-Game-Jam/TorontoGameJam/Content/ToJamAudio/soundEffect/Selectbutton_Cue.uasset" 579
"C:/Users/nktri/Documents/GitHub/Toronto-Game-Jam/TorontoGameJam/Content/ToJamAudio/soundEffect/Selectbutton_Cue.uexp" 580
"C:/Users/nktri/Documents/GitHub/Toronto-Game-Jam/TorontoGameJam/Content/ToJamAudio/musicSounds/BackgroundMusics.uasset" 581
"C:/Users/nktri/Documents/GitHub/Toronto-Game-Jam/TorontoGameJam/Content/ToJamAudio/musicSounds/BackgroundMusics.uexp" 582
"C:/Users/nktri/Documents/GitHub/Toronto-Game-Jam/TorontoGameJam/Content/ToJamAudio/musicSounds/BackgroundMusics_Cue.uasset" 583
"C:/Users/nktri/Documents/GitHub/Toronto-Game-Jam/TorontoGameJam/Content/ToJamAudio/musicSounds/BackgroundMusics_Cue.uexp" 584
"C:/Users/nktri/Documents/GitHub/Toronto-Game-Jam/TorontoGameJam/Content/main_menu/intro.uasset" 585
"C:/Users/nktri/Documents/GitHub/Toronto-Game-Jam/TorontoGameJam/Content/main_menu/intro.uexp" 586
"C:/Users/nktri/Documents/GitHub/Toronto-Game-Jam/TorontoGameJam/Content/main_menu/crackman.uasset" 587
"C:/Users/nktri/Documents/GitHub/Toronto-Game-Jam/TorontoGameJam/Content/main_menu/crackman.uexp" 588
"C:/Users/nktri/Documents/GitHub/Toronto-Game-Jam/TorontoGameJam/Content/main_menu/crackman.ufont" 589
"C:/Users/nktri/Documents/GitHub/Toronto-Game-Jam/TorontoGameJam/Content/main_menu/crackman_Font.uasset" 590
"C:/Users/nktri/Documents/GitHub/Toronto-Game-Jam/TorontoGameJam/Content/main_menu/crackman_Font.uexp" 591
"C:/Users/nktri/Documents/GitHub/Toronto-Game-Jam/TorontoGameJam/Content/ToJamAudio/soundEffect/LosingSound.uasset" 592
"C:/Users/nktri/Documents/GitHub/Toronto-Game-Jam/TorontoGameJam/Content/ToJamAudio/soundEffect/LosingSound.uexp" 593
"C:/Users/nktri/Documents/GitHub/Toronto-Game-Jam/TorontoGameJam/Content/ToJamAudio/soundEffect/Selectbutton2.uasset" 594
"C:/Users/nktri/Documents/GitHub/Toronto-Game-Jam/TorontoGameJam/Content/ToJamAudio/soundEffect/Selectbutton2.uexp" 595
"C:/Users/nktri/Documents/GitHub/Toronto-Game-Jam/TorontoGameJam/Content/ToJamAudio/soundEffect/Selectbutton2_Cue.uasset" 596
"C:/Users/nktri/Documents/GitHub/Toronto-Game-Jam/TorontoGameJam/Content/ToJamAudio/soundEffect/Selectbutton2_Cue.uexp" 597
"C:/Users/nktri/Documents/GitHub/Toronto-Game-Jam/TorontoGameJam/Content/FirstPersonBP/Blueprints/GameOver.uasset" 598
"C:/Users/nktri/Documents/GitHub/Toronto-Game-Jam/TorontoGameJam/Content/FirstPersonBP/Blueprints/GameOver.uexp" 599
"C:/Users/nktri/Documents/GitHub/Toronto-Game-Jam/TorontoGameJam/Content/FirstPersonBP/Blueprints/Variable.uasset" 600
"C:/Users/nktri/Documents/GitHub/Toronto-Game-Jam/TorontoGameJam/Content/FirstPersonBP/Blueprints/Variable.uexp" 601
"C:/Users/nktri/Documents/GitHub/Toronto-Game-Jam/TorontoGameJam/Content/FirstPersonBP/Blueprints/FirstPersonCharacter.uasset" 602
"C:/Users/nktri/Documents/GitHub/Toronto-Game-Jam/TorontoGameJam/Content/FirstPersonBP/Blueprints/FirstPersonCharacter.uexp" 603
"C:/Users/nktri/Documents/GitHub/Toronto-Game-Jam/TorontoGameJam/Content/FirstPersonBP/Blueprints/Timer.uasset" 604
"C:/Users/nktri/Documents/GitHub/Toronto-Game-Jam/TorontoGameJam/Content/FirstPersonBP/Blueprints/Timer.uexp" 605
"C:/Users/nktri/Documents/GitHub/Toronto-Game-Jam/TorontoGameJam/Content/ToJamAudio/soundEffect/collect.uasset" 606
"C:/Users/nktri/Documents/GitHub/Toronto-Game-Jam/TorontoGameJam/Content/ToJamAudio/soundEffect/collect.uexp" 607
"C:/Users/nktri/Documents/GitHub/Toronto-Game-Jam/TorontoGameJam/Content/ToJamAudio/soundEffect/collect_Cue.uasset" 608
"C:/Users/nktri/Documents/GitHub/Toronto-Game-Jam/TorontoGameJam/Content/ToJamAudio/soundEffect/collect_Cue.uexp" 609
"../../../Engine/Content/BasicShapes/Cube.uasset" 610
"../../../Engine/Content/BasicShapes/Cube.uexp" 611
"C:/Users/nktri/Documents/GitHub/Toronto-Game-Jam/TorontoGameJam/Content/Assets/Model/BOX/Studio_Boxes_Material_007_AlbedoTransparen.uasset" 612
"C:/Users/nktri/Documents/GitHub/Toronto-Game-Jam/TorontoGameJam/Content/Assets/Model/BOX/Studio_Boxes_Material_007_AlbedoTransparen.uexp" 613
"C:/Users/nktri/Documents/GitHub/Toronto-Game-Jam/TorontoGameJam/Content/Assets/Model/BOX/Studio_Boxes_Material_007_AlbedoTransparen.ubulk" 614
"C:/Users/nktri/Documents/GitHub/Toronto-Game-Jam/TorontoGameJam/Content/Assets/Model/BOX/Box_4.uasset" 615
"C:/Users/nktri/Documents/GitHub/Toronto-Game-Jam/TorontoGameJam/Content/Assets/Model/BOX/Box_4.uexp" 616
"C:/Users/nktri/Documents/GitHub/Toronto-Game-Jam/TorontoGameJam/Content/Assets/Model/BOX/box.uasset" 617
"C:/Users/nktri/Documents/GitHub/Toronto-Game-Jam/TorontoGameJam/Content/Assets/Model/BOX/box.uexp" 618
"C:/Users/nktri/Documents/GitHub/Toronto-Game-Jam/TorontoGameJam/Content/Assets/Material/DarkBrown.uasset" 619
"C:/Users/nktri/Documents/GitHub/Toronto-Game-Jam/TorontoGameJam/Content/Assets/Material/DarkBrown.uexp" 620
"C:/Users/nktri/Documents/GitHub/Toronto-Game-Jam/TorontoGameJam/Content/Assets/Model/BOX/Box_BP.uasset" 621
"C:/Users/nktri/Documents/GitHub/Toronto-Game-Jam/TorontoGameJam/Content/Assets/Model/BOX/Box_BP.uexp" 622
"C:/Users/nktri/Documents/GitHub/Toronto-Game-Jam/TorontoGameJam/Content/FirstPersonBP/Blueprints/ItemCollect.uasset" 623
"C:/Users/nktri/Documents/GitHub/Toronto-Game-Jam/TorontoGameJam/Content/FirstPersonBP/Blueprints/ItemCollect.uexp" 624
"C:/Users/nktri/Documents/GitHub/Toronto-Game-Jam/TorontoGameJam/Content/main_menu/Start_Screen.uasset" 625
"C:/Users/nktri/Documents/GitHub/Toronto-Game-Jam/TorontoGameJam/Content/main_menu/Start_Screen.uexp" 626
"C:/Users/nktri/Documents/GitHub/Toronto-Game-Jam/TorontoGameJam/Content/main_menu/Instructions_Screen.uasset" 627
"C:/Users/nktri/Documents/GitHub/Toronto-Game-Jam/TorontoGameJam/Content/main_menu/Instructions_Screen.uexp" 628
"C:/Users/nktri/Documents/GitHub/Toronto-Game-Jam/TorontoGameJam/Content/main_menu/Instruction_widget.uasset" 629
"C:/Users/nktri/Documents/GitHub/Toronto-Game-Jam/TorontoGameJam/Content/main_menu/Instruction_widget.uexp" 630
"C:/Users/nktri/Documents/GitHub/Toronto-Game-Jam/TorontoGameJam/Content/main_menu/game_screen.uasset" 631
"C:/Users/nktri/Documents/GitHub/Toronto-Game-Jam/TorontoGameJam/Content/main_menu/game_screen.uexp" 632
"C:/Users/nktri/Documents/GitHub/Toronto-Game-Jam/TorontoGameJam/Content/main_menu/Credit_Screen.uasset" 633
"C:/Users/nktri/Documents/GitHub/Toronto-Game-Jam/TorontoGameJam/Content/main_menu/Credit_Screen.uexp" 634
"C:/Users/nktri/Documents/GitHub/Toronto-Game-Jam/TorontoGameJam/Content/main_menu/Credits_widget.uasset" 635
"C:/Users/nktri/Documents/GitHub/Toronto-Game-Jam/TorontoGameJam/Content/main_menu/Credits_widget.uexp" 636
"C:/Users/nktri/Documents/GitHub/Toronto-Game-Jam/TorontoGameJam/Content/main_menu/main_menu.uasset" 637
"C:/Users/nktri/Documents/GitHub/Toronto-Game-Jam/TorontoGameJam/Content/main_menu/main_menu.uexp" 638
"C:/Users/nktri/Documents/GitHub/Toronto-Game-Jam/TorontoGameJam/Content/FirstPerson/Textures/FirstPersonCrosshair.uasset" 639
"C:/Users/nktri/Documents/GitHub/Toronto-Game-Jam/TorontoGameJam/Content/FirstPerson/Textures/FirstPersonCrosshair.uexp" 640
"C:/Users/nktri/Documents/GitHub/Toronto-Game-Jam/TorontoGameJam/Content/FirstPersonBP/Blueprints/FirstPersonHUD.uasset" 641
"C:/Users/nktri/Documents/GitHub/Toronto-Game-Jam/TorontoGameJam/Content/FirstPersonBP/Blueprints/FirstPersonHUD.uexp" 642
"C:/Users/nktri/Documents/GitHub/Toronto-Game-Jam/TorontoGameJam/Content/FirstPersonBP/Blueprints/FirstPersonGameMode.uasset" 643
"C:/Users/nktri/Documents/GitHub/Toronto-Game-Jam/TorontoGameJam/Content/FirstPersonBP/Blueprints/FirstPersonGameMode.uexp" 644
"C:/Users/nktri/Documents/GitHub/Toronto-Game-Jam/TorontoGameJam/Content/Assets/Model/ukulele/ukulele1.uasset" 645
"C:/Users/nktri/Documents/GitHub/Toronto-Game-Jam/TorontoGameJam/Content/Assets/Model/ukulele/ukulele1.uexp" 646
"C:/Users/nktri/Documents/GitHub/Toronto-Game-Jam/TorontoGameJam/Content/Assets/Model/ukulele/ukulele1.ubulk" 647
"C:/Users/nktri/Documents/GitHub/Toronto-Game-Jam/TorontoGameJam/Content/Assets/Model/ukulele/uku.uasset" 648
"C:/Users/nktri/Documents/GitHub/Toronto-Game-Jam/TorontoGameJam/Content/Assets/Model/ukulele/uku.uexp" 649
"C:/Users/nktri/Documents/GitHub/Toronto-Game-Jam/TorontoGameJam/Content/Assets/Model/ukulele/Ukulele.uasset" 650
"C:/Users/nktri/Documents/GitHub/Toronto-Game-Jam/TorontoGameJam/Content/Assets/Model/ukulele/Ukulele.uexp" 651
"C:/Users/nktri/Documents/GitHub/Toronto-Game-Jam/TorontoGameJam/Content/Assets/Model/Stove/Palette.uasset" 652
"C:/Users/nktri/Documents/GitHub/Toronto-Game-Jam/TorontoGameJam/Content/Assets/Model/Stove/Palette.uexp" 653
"C:/Users/nktri/Documents/GitHub/Toronto-Game-Jam/TorontoGameJam/Content/Assets/Model/Stove/Main_001.uasset" 654
"C:/Users/nktri/Documents/GitHub/Toronto-Game-Jam/TorontoGameJam/Content/Assets/Model/Stove/Main_001.uexp" 655
"C:/Users/nktri/Documents/GitHub/Toronto-Game-Jam/TorontoGameJam/Content/Assets/Model/Stove/stove.uasset" 656
"C:/Users/nktri/Documents/GitHub/Toronto-Game-Jam/TorontoGameJam/Content/Assets/Model/Stove/stove.uexp" 657
"C:/Users/nktri/Documents/GitHub/Toronto-Game-Jam/TorontoGameJam/Content/Assets/Model/Stove/stove-door.uasset" 658
"C:/Users/nktri/Documents/GitHub/Toronto-Game-Jam/TorontoGameJam/Content/Assets/Model/Stove/stove-door.uexp" 659
"../../../Engine/Content/BasicShapes/BasicShapeMaterial.uasset" 660
"../../../Engine/Content/BasicShapes/BasicShapeMaterial.uexp" 661
"C:/Users/nktri/Documents/GitHub/Toronto-Game-Jam/TorontoGameJam/Content/Assets/Model/Stove/Stove_BP.uasset" 662
"C:/Users/nktri/Documents/GitHub/Toronto-Game-Jam/TorontoGameJam/Content/Assets/Model/Stove/Stove_BP.uexp" 663
"C:/Users/nktri/Documents/GitHub/Toronto-Game-Jam/TorontoGameJam/Content/Assets/Model/smartphone/SmartPhone_BaseColor.uasset" 664
"C:/Users/nktri/Documents/GitHub/Toronto-Game-Jam/TorontoGameJam/Content/Assets/Model/smartphone/SmartPhone_BaseColor.uexp" 665
"C:/Users/nktri/Documents/GitHub/Toronto-Game-Jam/TorontoGameJam/Content/Assets/Model/smartphone/SmartPhone_BaseColor.ubulk" 666
"C:/Users/nktri/Documents/GitHub/Toronto-Game-Jam/TorontoGameJam/Content/Assets/Model/smartphone/smartphone_Mat.uasset" 667
"C:/Users/nktri/Documents/GitHub/Toronto-Game-Jam/TorontoGameJam/Content/Assets/Model/smartphone/smartphone_Mat.uexp" 668
"C:/Users/nktri/Documents/GitHub/Toronto-Game-Jam/TorontoGameJam/Content/Assets/Model/smartphone/smartphone.uasset" 669
"C:/Users/nktri/Documents/GitHub/Toronto-Game-Jam/TorontoGameJam/Content/Assets/Model/smartphone/smartphone.uexp" 670
"C:/Users/nktri/Documents/GitHub/Toronto-Game-Jam/TorontoGameJam/Content/FirstPersonBP/Blueprints/OpenAndCloseDoor.uasset" 671
"C:/Users/nktri/Documents/GitHub/Toronto-Game-Jam/TorontoGameJam/Content/FirstPersonBP/Blueprints/OpenAndCloseDoor.uexp" 672
"C:/Users/nktri/Documents/GitHub/Toronto-Game-Jam/TorontoGameJam/Content/ToJamAudio/soundEffect/FridgeOpening.uasset" 673
"C:/Users/nktri/Documents/GitHub/Toronto-Game-Jam/TorontoGameJam/Content/ToJamAudio/soundEffect/FridgeOpening.uexp" 674
"C:/Users/nktri/Documents/GitHub/Toronto-Game-Jam/TorontoGameJam/Content/ToJamAudio/soundEffect/FridgeOpening_Cue.uasset" 675
"C:/Users/nktri/Documents/GitHub/Toronto-Game-Jam/TorontoGameJam/Content/ToJamAudio/soundEffect/FridgeOpening_Cue.uexp" 676
"C:/Users/nktri/Documents/GitHub/Toronto-Game-Jam/TorontoGameJam/Content/ToJamAudio/soundEffect/FridgeClosing.uasset" 677
"C:/Users/nktri/Documents/GitHub/Toronto-Game-Jam/TorontoGameJam/Content/ToJamAudio/soundEffect/FridgeClosing.uexp" 678
"C:/Users/nktri/Documents/GitHub/Toronto-Game-Jam/TorontoGameJam/Content/ToJamAudio/soundEffect/FridgeClosing_Cue.uasset" 679
"C:/Users/nktri/Documents/GitHub/Toronto-Game-Jam/TorontoGameJam/Content/ToJamAudio/soundEffect/FridgeClosing_Cue.uexp" 680
"C:/Users/nktri/Documents/GitHub/Toronto-Game-Jam/TorontoGameJam/Content/Assets/Model/Retro-Fridge/fridge_retro-top_door.uasset" 681
"C:/Users/nktri/Documents/GitHub/Toronto-Game-Jam/TorontoGameJam/Content/Assets/Model/Retro-Fridge/fridge_retro-top_door.uexp" 682
"C:/Users/nktri/Documents/GitHub/Toronto-Game-Jam/TorontoGameJam/Content/Assets/Model/Retro-Fridge/fridge_retro-bot_door.uasset" 683
"C:/Users/nktri/Documents/GitHub/Toronto-Game-Jam/TorontoGameJam/Content/Assets/Model/Retro-Fridge/fridge_retro-bot_door.uexp" 684
"C:/Users/nktri/Documents/GitHub/Toronto-Game-Jam/TorontoGameJam/Content/Assets/Model/Retro-Fridge/fridge_retro.uasset" 685
"C:/Users/nktri/Documents/GitHub/Toronto-Game-Jam/TorontoGameJam/Content/Assets/Model/Retro-Fridge/fridge_retro.uexp" 686
"C:/Users/nktri/Documents/GitHub/Toronto-Game-Jam/TorontoGameJam/Content/Assets/Model/Retro-Fridge/FridgeRetro_BP.uasset" 687
"C:/Users/nktri/Documents/GitHub/Toronto-Game-Jam/TorontoGameJam/Content/Assets/Model/Retro-Fridge/FridgeRetro_BP.uexp" 688
"C:/Users/nktri/Documents/GitHub/Toronto-Game-Jam/TorontoGameJam/Content/Assets/Material/Blue.uasset" 689
"C:/Users/nktri/Documents/GitHub/Toronto-Game-Jam/TorontoGameJam/Content/Assets/Material/Blue.uexp" 690
"C:/Users/nktri/Documents/GitHub/Toronto-Game-Jam/TorontoGameJam/Content/Assets/Model/pant/pant.uasset" 691
"C:/Users/nktri/Documents/GitHub/Toronto-Game-Jam/TorontoGameJam/Content/Assets/Model/pant/pant.uexp" 692
"C:/Users/nktri/Documents/GitHub/Toronto-Game-Jam/TorontoGameJam/Content/Assets/Model/Other-Kitchen-Stuffs/trash_can.uasset" 693
"C:/Users/nktri/Documents/GitHub/Toronto-Game-Jam/TorontoGameJam/Content/Assets/Model/Other-Kitchen-Stuffs/trash_can.uexp" 694
"C:/Users/nktri/Documents/GitHub/Toronto-Game-Jam/TorontoGameJam/Content/Assets/Material/off-white.uasset" 695
"C:/Users/nktri/Documents/GitHub/Toronto-Game-Jam/TorontoGameJam/Content/Assets/Material/off-white.uexp" 696
"C:/Users/nktri/Documents/GitHub/Toronto-Game-Jam/TorontoGameJam/Content/Assets/Model/Other-Kitchen-Stuffs/toilet-chair.uasset" 697
"C:/Users/nktri/Documents/GitHub/Toronto-Game-Jam/TorontoGameJam/Content/Assets/Model/Other-Kitchen-Stuffs/toilet-chair.uexp" 698
"C:/Users/nktri/Documents/GitHub/Toronto-Game-Jam/TorontoGameJam/Content/Assets/Model/Fridge/LowPolyKitchen.uasset" 699
"C:/Users/nktri/Documents/GitHub/Toronto-Game-Jam/TorontoGameJam/Content/Assets/Model/Fridge/LowPolyKitchen.uexp" 700
"C:/Users/nktri/Documents/GitHub/Toronto-Game-Jam/TorontoGameJam/Content/Assets/Model/Fridge/Fridge_Mat.uasset" 701
"C:/Users/nktri/Documents/GitHub/Toronto-Game-Jam/TorontoGameJam/Content/Assets/Model/Fridge/Fridge_Mat.uexp" 702
"C:/Users/nktri/Documents/GitHub/Toronto-Game-Jam/TorontoGameJam/Content/Assets/Model/Other-Kitchen-Stuffs/toaster.uasset" 703
"C:/Users/nktri/Documents/GitHub/Toronto-Game-Jam/TorontoGameJam/Content/Assets/Model/Other-Kitchen-Stuffs/toaster.uexp" 704
"C:/Users/nktri/Documents/GitHub/Toronto-Game-Jam/TorontoGameJam/Content/Assets/Model/Other-Kitchen-Stuffs/smoke.uasset" 705
"C:/Users/nktri/Documents/GitHub/Toronto-Game-Jam/TorontoGameJam/Content/Assets/Model/Other-Kitchen-Stuffs/smoke.uexp" 706
"C:/Users/nktri/Documents/GitHub/Toronto-Game-Jam/TorontoGameJam/Content/Assets/Model/Other-Kitchen-Stuffs/shelf.uasset" 707
"C:/Users/nktri/Documents/GitHub/Toronto-Game-Jam/TorontoGameJam/Content/Assets/Model/Other-Kitchen-Stuffs/shelf.uexp" 708
"C:/Users/nktri/Documents/GitHub/Toronto-Game-Jam/TorontoGameJam/Content/Assets/Model/Other-Kitchen-Stuffs/rounded_table.uasset" 709
"C:/Users/nktri/Documents/GitHub/Toronto-Game-Jam/TorontoGameJam/Content/Assets/Model/Other-Kitchen-Stuffs/rounded_table.uexp" 710
"C:/Users/nktri/Documents/GitHub/Toronto-Game-Jam/TorontoGameJam/Content/Assets/Model/Other-Kitchen-Stuffs/plant2.uasset" 711
"C:/Users/nktri/Documents/GitHub/Toronto-Game-Jam/TorontoGameJam/Content/Assets/Model/Other-Kitchen-Stuffs/plant2.uexp" 712
"C:/Users/nktri/Documents/GitHub/Toronto-Game-Jam/TorontoGameJam/Content/Assets/Model/Other-Kitchen-Stuffs/plant1.uasset" 713
"C:/Users/nktri/Documents/GitHub/Toronto-Game-Jam/TorontoGameJam/Content/Assets/Model/Other-Kitchen-Stuffs/plant1.uexp" 714
"C:/Users/nktri/Documents/GitHub/Toronto-Game-Jam/TorontoGameJam/Content/Assets/Model/Other-Kitchen-Stuffs/plant.uasset" 715
"C:/Users/nktri/Documents/GitHub/Toronto-Game-Jam/TorontoGameJam/Content/Assets/Model/Other-Kitchen-Stuffs/plant.uexp" 716
"C:/Users/nktri/Documents/GitHub/Toronto-Game-Jam/TorontoGameJam/Content/Assets/Model/Other-Kitchen-Stuffs/pizza_slice.uasset" 717
"C:/Users/nktri/Documents/GitHub/Toronto-Game-Jam/TorontoGameJam/Content/Assets/Model/Other-Kitchen-Stuffs/pizza_slice.uexp" 718
"C:/Users/nktri/Documents/GitHub/Toronto-Game-Jam/TorontoGameJam/Content/Assets/Model/Other-Kitchen-Stuffs/pizza.uasset" 719
"C:/Users/nktri/Documents/GitHub/Toronto-Game-Jam/TorontoGameJam/Content/Assets/Model/Other-Kitchen-Stuffs/pizza.uexp" 720
"C:/Users/nktri/Documents/GitHub/Toronto-Game-Jam/TorontoGameJam/Content/Assets/Model/Other-Kitchen-Stuffs/pineapple.uasset" 721
"C:/Users/nktri/Documents/GitHub/Toronto-Game-Jam/TorontoGameJam/Content/Assets/Model/Other-Kitchen-Stuffs/pineapple.uexp" 722
"C:/Users/nktri/Documents/GitHub/Toronto-Game-Jam/TorontoGameJam/Content/Assets/Model/Other-Kitchen-Stuffs/pan.uasset" 723
"C:/Users/nktri/Documents/GitHub/Toronto-Game-Jam/TorontoGameJam/Content/Assets/Model/Other-Kitchen-Stuffs/pan.uexp" 724
"C:/Users/nktri/Documents/GitHub/Toronto-Game-Jam/TorontoGameJam/Content/Assets/Model/Other-Kitchen-Stuffs/milk.uasset" 725
"C:/Users/nktri/Documents/GitHub/Toronto-Game-Jam/TorontoGameJam/Content/Assets/Model/Other-Kitchen-Stuffs/milk.uexp" 726
"C:/Users/nktri/Documents/GitHub/Toronto-Game-Jam/TorontoGameJam/Content/Assets/Model/Other-Kitchen-Stuffs/knife_hanging.uasset" 727
"C:/Users/nktri/Documents/GitHub/Toronto-Game-Jam/TorontoGameJam/Content/Assets/Model/Other-Kitchen-Stuffs/knife_hanging.uexp" 728
"C:/Users/nktri/Documents/GitHub/Toronto-Game-Jam/TorontoGameJam/Content/Assets/Model/Other-Kitchen-Stuffs/honeydew.uasset" 729
"C:/Users/nktri/Documents/GitHub/Toronto-Game-Jam/TorontoGameJam/Content/Assets/Model/Other-Kitchen-Stuffs/honeydew.uexp" 730
"C:/Users/nktri/Documents/GitHub/Toronto-Game-Jam/TorontoGameJam/Content/Assets/Model/Other-Kitchen-Stuffs/food-box2.uasset" 731
"C:/Users/nktri/Documents/GitHub/Toronto-Game-Jam/TorontoGameJam/Content/Assets/Model/Other-Kitchen-Stuffs/food-box2.uexp" 732
"C:/Users/nktri/Documents/GitHub/Toronto-Game-Jam/TorontoGameJam/Content/Assets/Model/Other-Kitchen-Stuffs/dish_drying_rack.uasset" 733
"C:/Users/nktri/Documents/GitHub/Toronto-Game-Jam/TorontoGameJam/Content/Assets/Model/Other-Kitchen-Stuffs/dish_drying_rack.uexp" 734
"C:/Users/nktri/Documents/GitHub/Toronto-Game-Jam/TorontoGameJam/Content/Assets/Model/Other-Kitchen-Stuffs/dish.uasset" 735
"C:/Users/nktri/Documents/GitHub/Toronto-Game-Jam/TorontoGameJam/Content/Assets/Model/Other-Kitchen-Stuffs/dish.uexp" 736
"C:/Users/nktri/Documents/GitHub/Toronto-Game-Jam/TorontoGameJam/Content/Assets/Model/Other-Kitchen-Stuffs/cup.uasset" 737
"C:/Users/nktri/Documents/GitHub/Toronto-Game-Jam/TorontoGameJam/Content/Assets/Model/Other-Kitchen-Stuffs/cup.uexp" 738
"C:/Users/nktri/Documents/GitHub/Toronto-Game-Jam/TorontoGameJam/Content/Assets/Model/Other-Kitchen-Stuffs/cooking_pot.uasset" 739
"C:/Users/nktri/Documents/GitHub/Toronto-Game-Jam/TorontoGameJam/Content/Assets/Model/Other-Kitchen-Stuffs/cooking_pot.uexp" 740
"C:/Users/nktri/Documents/GitHub/Toronto-Game-Jam/TorontoGameJam/Content/Assets/Model/Other-Kitchen-Stuffs/coke_bottle_broken.uasset" 741
"C:/Users/nktri/Documents/GitHub/Toronto-Game-Jam/TorontoGameJam/Content/Assets/Model/Other-Kitchen-Stuffs/coke_bottle_broken.uexp" 742
"C:/Users/nktri/Documents/GitHub/Toronto-Game-Jam/TorontoGameJam/Content/Assets/Model/Other-Kitchen-Stuffs/cloth.uasset" 743
"C:/Users/nktri/Documents/GitHub/Toronto-Game-Jam/TorontoGameJam/Content/Assets/Model/Other-Kitchen-Stuffs/cloth.uexp" 744
"C:/Users/nktri/Documents/GitHub/Toronto-Game-Jam/TorontoGameJam/Content/Assets/Model/Other-Kitchen-Stuffs/chair1.uasset" 745
"C:/Users/nktri/Documents/GitHub/Toronto-Game-Jam/TorontoGameJam/Content/Assets/Model/Other-Kitchen-Stuffs/chair1.uexp" 746
"C:/Users/nktri/Documents/GitHub/Toronto-Game-Jam/TorontoGameJam/Content/Assets/Model/Other-Kitchen-Stuffs/caution.uasset" 747
"C:/Users/nktri/Documents/GitHub/Toronto-Game-Jam/TorontoGameJam/Content/Assets/Model/Other-Kitchen-Stuffs/caution.uexp" 748
"C:/Users/nktri/Documents/GitHub/Toronto-Game-Jam/TorontoGameJam/Content/Assets/Model/Other-Kitchen-Stuffs/books.uasset" 749
"C:/Users/nktri/Documents/GitHub/Toronto-Game-Jam/TorontoGameJam/Content/Assets/Model/Other-Kitchen-Stuffs/books.uexp" 750
"C:/Users/nktri/Documents/GitHub/Toronto-Game-Jam/TorontoGameJam/Content/Assets/Model/Other-Kitchen-Stuffs/book-open.uasset" 751
"C:/Users/nktri/Documents/GitHub/Toronto-Game-Jam/TorontoGameJam/Content/Assets/Model/Other-Kitchen-Stuffs/book-open.uexp" 752
"C:/Users/nktri/Documents/GitHub/Toronto-Game-Jam/TorontoGameJam/Content/Assets/Model/Other-Kitchen-Stuffs/blender.uasset" 753
"C:/Users/nktri/Documents/GitHub/Toronto-Game-Jam/TorontoGameJam/Content/Assets/Model/Other-Kitchen-Stuffs/blender.uexp" 754
"C:/Users/nktri/Documents/GitHub/Toronto-Game-Jam/TorontoGameJam/Content/Assets/Model/Other-Kitchen-Stuffs/apple.uasset" 755
"C:/Users/nktri/Documents/GitHub/Toronto-Game-Jam/TorontoGameJam/Content/Assets/Model/Other-Kitchen-Stuffs/apple.uexp" 756
"C:/Users/nktri/Documents/GitHub/Toronto-Game-Jam/TorontoGameJam/Content/ToJamAudio/soundEffect/microwave_bell_Sound.uasset" 757
"C:/Users/nktri/Documents/GitHub/Toronto-Game-Jam/TorontoGameJam/Content/ToJamAudio/soundEffect/microwave_bell_Sound.uexp" 758
"C:/Users/nktri/Documents/GitHub/Toronto-Game-Jam/TorontoGameJam/Content/ToJamAudio/soundEffect/microwave_bell_Sound_Cue.uasset" 759
"C:/Users/nktri/Documents/GitHub/Toronto-Game-Jam/TorontoGameJam/Content/ToJamAudio/soundEffect/microwave_bell_Sound_Cue.uexp" 760
"C:/Users/nktri/Documents/GitHub/Toronto-Game-Jam/TorontoGameJam/Content/Assets/Model/Microwave1/microwave1.uasset" 761
"C:/Users/nktri/Documents/GitHub/Toronto-Game-Jam/TorontoGameJam/Content/Assets/Model/Microwave1/microwave1.uexp" 762
"C:/Users/nktri/Documents/GitHub/Toronto-Game-Jam/TorontoGameJam/Content/Assets/Model/Microwave1/microwave1-door.uasset" 763
"C:/Users/nktri/Documents/GitHub/Toronto-Game-Jam/TorontoGameJam/Content/Assets/Model/Microwave1/microwave1-door.uexp" 764
"C:/Users/nktri/Documents/GitHub/Toronto-Game-Jam/TorontoGameJam/Content/Assets/Model/Microwave1/microwave1_BP.uasset" 765
"C:/Users/nktri/Documents/GitHub/Toronto-Game-Jam/TorontoGameJam/Content/Assets/Model/Microwave1/microwave1_BP.uexp" 766
"C:/Users/nktri/Documents/GitHub/Toronto-Game-Jam/TorontoGameJam/Content/Assets/Model/Laptop/Laptop_Bake_All.uasset" 767
"C:/Users/nktri/Documents/GitHub/Toronto-Game-Jam/TorontoGameJam/Content/Assets/Model/Laptop/Laptop_Bake_All.uexp" 768
"C:/Users/nktri/Documents/GitHub/Toronto-Game-Jam/TorontoGameJam/Content/Assets/Model/Laptop/Laptop_Bake_All.ubulk" 769
"C:/Users/nktri/Documents/GitHub/Toronto-Game-Jam/TorontoGameJam/Content/Assets/Model/Laptop/laptop1.uasset" 770
"C:/Users/nktri/Documents/GitHub/Toronto-Game-Jam/TorontoGameJam/Content/Assets/Model/Laptop/laptop1.uexp" 771
"C:/Users/nktri/Documents/GitHub/Toronto-Game-Jam/TorontoGameJam/Content/Assets/Model/Laptop/laptop.uasset" 772
"C:/Users/nktri/Documents/GitHub/Toronto-Game-Jam/TorontoGameJam/Content/Assets/Model/Laptop/laptop.uexp" 773
"C:/Users/nktri/Documents/GitHub/Toronto-Game-Jam/TorontoGameJam/Content/Assets/Model/Lamp/lamp.uasset" 774
"C:/Users/nktri/Documents/GitHub/Toronto-Game-Jam/TorontoGameJam/Content/Assets/Model/Lamp/lamp.uexp" 775
"C:/Users/nktri/Documents/GitHub/Toronto-Game-Jam/TorontoGameJam/Content/Assets/Model/grocery-bag/SacRadis_diffuse.uasset" 776
"C:/Users/nktri/Documents/GitHub/Toronto-Game-Jam/TorontoGameJam/Content/Assets/Model/grocery-bag/SacRadis_diffuse.uexp" 777
"C:/Users/nktri/Documents/GitHub/Toronto-Game-Jam/TorontoGameJam/Content/Assets/Model/grocery-bag/SacRadis_diffuse.ubulk" 778
"C:/Users/nktri/Documents/GitHub/Toronto-Game-Jam/TorontoGameJam/Content/Assets/Model/grocery-bag/grocery_bag1.uasset" 779
"C:/Users/nktri/Documents/GitHub/Toronto-Game-Jam/TorontoGameJam/Content/Assets/Model/grocery-bag/grocery_bag1.uexp" 780
"C:/Users/nktri/Documents/GitHub/Toronto-Game-Jam/TorontoGameJam/Content/Assets/Model/grocery-bag/grocery_bag.uasset" 781
"C:/Users/nktri/Documents/GitHub/Toronto-Game-Jam/TorontoGameJam/Content/Assets/Model/grocery-bag/grocery_bag.uexp" 782
"C:/Users/nktri/Documents/GitHub/Toronto-Game-Jam/TorontoGameJam/Content/Geometry/Meshes/CubeMaterial.uasset" 783
"C:/Users/nktri/Documents/GitHub/Toronto-Game-Jam/TorontoGameJam/Content/Geometry/Meshes/CubeMaterial.uexp" 784
"C:/Users/nktri/Documents/GitHub/Toronto-Game-Jam/TorontoGameJam/Content/Geometry/Meshes/1M_Cube.uasset" 785
"C:/Users/nktri/Documents/GitHub/Toronto-Game-Jam/TorontoGameJam/Content/Geometry/Meshes/1M_Cube.uexp" 786
"C:/Users/nktri/Documents/GitHub/Toronto-Game-Jam/TorontoGameJam/Content/Assets/Model/Floor/Tiles.uasset" 787
"C:/Users/nktri/Documents/GitHub/Toronto-Game-Jam/TorontoGameJam/Content/Assets/Model/Floor/Tiles.uexp" 788
"C:/Users/nktri/Documents/GitHub/Toronto-Game-Jam/TorontoGameJam/Content/Assets/Model/Floor/Tiles.ubulk" 789
"C:/Users/nktri/Documents/GitHub/Toronto-Game-Jam/TorontoGameJam/Content/Assets/Model/Floor/FloorMat.uasset" 790
"C:/Users/nktri/Documents/GitHub/Toronto-Game-Jam/TorontoGameJam/Content/Assets/Model/Floor/FloorMat.uexp" 791
"C:/Users/nktri/Documents/GitHub/Toronto-Game-Jam/TorontoGameJam/Content/Assets/Model/Floor/floor.uasset" 792
"C:/Users/nktri/Documents/GitHub/Toronto-Game-Jam/TorontoGameJam/Content/Assets/Model/Floor/floor.uexp" 793
"C:/Users/nktri/Documents/GitHub/Toronto-Game-Jam/TorontoGameJam/Content/Assets/Material/Brown.uasset" 794
"C:/Users/nktri/Documents/GitHub/Toronto-Game-Jam/TorontoGameJam/Content/Assets/Material/Brown.uexp" 795
"C:/Users/nktri/Documents/GitHub/Toronto-Game-Jam/TorontoGameJam/Content/Assets/Model/Door/door.uasset" 796
"C:/Users/nktri/Documents/GitHub/Toronto-Game-Jam/TorontoGameJam/Content/Assets/Model/Door/door.uexp" 797
"C:/Users/nktri/Documents/GitHub/Toronto-Game-Jam/TorontoGameJam/Content/Assets/Model/Curtain/curtain.uasset" 798
"C:/Users/nktri/Documents/GitHub/Toronto-Game-Jam/TorontoGameJam/Content/Assets/Model/Curtain/curtain.uexp" 799
"C:/Users/nktri/Documents/GitHub/Toronto-Game-Jam/TorontoGameJam/Content/Assets/Model/Cupboard/cupboard.uasset" 800
"C:/Users/nktri/Documents/GitHub/Toronto-Game-Jam/TorontoGameJam/Content/Assets/Model/Cupboard/cupboard.uexp" 801
"C:/Users/nktri/Documents/GitHub/Toronto-Game-Jam/TorontoGameJam/Content/Assets/Model/Cupboard/cupboard-topDoor1.uasset" 802
"C:/Users/nktri/Documents/GitHub/Toronto-Game-Jam/TorontoGameJam/Content/Assets/Model/Cupboard/cupboard-topDoor1.uexp" 803
"C:/Users/nktri/Documents/GitHub/Toronto-Game-Jam/TorontoGameJam/Content/Assets/Model/Cupboard/cupboard-botDoor1.uasset" 804
"C:/Users/nktri/Documents/GitHub/Toronto-Game-Jam/TorontoGameJam/Content/Assets/Model/Cupboard/cupboard-botDoor1.uexp" 805
"C:/Users/nktri/Documents/GitHub/Toronto-Game-Jam/TorontoGameJam/Content/Assets/Model/Cupboard/Cupboard_BP.uasset" 806
"C:/Users/nktri/Documents/GitHub/Toronto-Game-Jam/TorontoGameJam/Content/Assets/Model/Cupboard/Cupboard_BP.uexp" 807
"C:/Users/nktri/Documents/GitHub/Toronto-Game-Jam/TorontoGameJam/Content/Assets/Model/Other-Kitchen-Stuffs/cutting_board.uasset" 808
"C:/Users/nktri/Documents/GitHub/Toronto-Game-Jam/TorontoGameJam/Content/Assets/Model/Other-Kitchen-Stuffs/cutting_board.uexp" 809
"C:/Users/nktri/Documents/GitHub/Toronto-Game-Jam/TorontoGameJam/Content/Assets/Model/Cloth-hanging/cloth_hanging.uasset" 810
"C:/Users/nktri/Documents/GitHub/Toronto-Game-Jam/TorontoGameJam/Content/Assets/Model/Cloth-hanging/cloth_hanging.uexp" 811
"C:/Users/nktri/Documents/GitHub/Toronto-Game-Jam/TorontoGameJam/Content/Assets/Model/Boook/books.uasset" 812
"C:/Users/nktri/Documents/GitHub/Toronto-Game-Jam/TorontoGameJam/Content/Assets/Model/Boook/books.uexp" 813
"C:/Users/nktri/Documents/GitHub/Toronto-Game-Jam/TorontoGameJam/Content/Assets/Material/Green.uasset" 814
"C:/Users/nktri/Documents/GitHub/Toronto-Game-Jam/TorontoGameJam/Content/Assets/Material/Green.uexp" 815
"C:/Users/nktri/Documents/GitHub/Toronto-Game-Jam/TorontoGameJam/Content/FirstPersonBP/Maps/FirstPersonExampleMap.uexp" 816
"C:/Users/nktri/Documents/GitHub/Toronto-Game-Jam/TorontoGameJam/Content/FirstPersonBP/Maps/FirstPersonExampleMap.umap" 817
"../../../Engine/Content/Maps/Entry_BuiltData.uasset" 818
"../../../Engine/Content/Maps/Entry_BuiltData.uexp" 819
"../../../Engine/Content/Maps/Entry.uexp" 820
"../../../Engine/Content/Maps/Entry.umap" 821
